{"C:\\Users\\user\\Documents\\Synrgy\\Chapter 8\\challenge_8\\backend\\index.ts": {"path":"C:\\Users\\user\\Documents\\Synrgy\\Chapter 8\\challenge_8\\backend\\index.ts","statementMap":{"0":{"start":{"line":1,"column":0},"end":{"line":1,"column":43}},"1":{"start":{"line":2,"column":0},"end":{"line":2,"column":47}},"2":{"start":{"line":3,"column":0},"end":{"line":3,"column":48}},"3":{"start":{"line":4,"column":0},"end":{"line":4,"column":49}},"4":{"start":{"line":5,"column":0},"end":{"line":5,"column":28}},"5":{"start":{"line":6,"column":0},"end":{"line":6,"column":34}},"6":{"start":{"line":8,"column":13},"end":{"line":8,"column":30}},"7":{"start":{"line":9,"column":18},"end":{"line":9,"column":47}},"8":{"start":{"line":10,"column":19},"end":{"line":10,"column":46}},"9":{"start":{"line":11,"column":13},"end":{"line":11,"column":28}},"10":{"start":{"line":13,"column":21},"end":{"line":13,"column":30}},"11":{"start":{"line":16,"column":0},"end":{"line":16,"column":16}},"12":{"start":{"line":17,"column":0},"end":{"line":17,"column":24}},"13":{"start":{"line":18,"column":0},"end":{"line":18,"column":48}},"14":{"start":{"line":19,"column":0},"end":{"line":19,"column":32}},"15":{"start":{"line":21,"column":21},"end":{"line":28,"column":2}},"16":{"start":{"line":30,"column":0},"end":{"line":30,"column":25}},"17":{"start":{"line":32,"column":0},"end":{"line":34,"column":3}},"18":{"start":{"line":33,"column":4},"end":{"line":33,"column":54}},"19":{"start":{"line":36,"column":0},"end":{"line":38,"column":3}},"20":{"start":{"line":37,"column":4},"end":{"line":37,"column":58}},"21":{"start":{"line":40,"column":0},"end":{"line":40,"column":67}},"22":{"start":{"line":41,"column":0},"end":{"line":41,"column":28}},"23":{"start":{"line":42,"column":0},"end":{"line":42,"column":32}},"24":{"start":{"line":44,"column":0},"end":{"line":44,"column":21}}},"fnMap":{"0":{"name":"(anonymous_1)","decl":{"start":{"line":32,"column":13},"end":{"line":32,"column":14}},"loc":{"start":{"line":32,"column":26},"end":{"line":34,"column":1}}},"1":{"name":"(anonymous_2)","decl":{"start":{"line":36,"column":26},"end":{"line":36,"column":27}},"loc":{"start":{"line":36,"column":39},"end":{"line":38,"column":1}}}},"branchMap":{},"s":{"0":2,"1":2,"2":2,"3":2,"4":2,"5":2,"6":2,"7":2,"8":2,"9":2,"10":2,"11":2,"12":2,"13":2,"14":2,"15":2,"16":2,"17":2,"18":0,"19":2,"20":0,"21":2,"22":2,"23":2,"24":2},"f":{"0":0,"1":0},"b":{}}
,"C:\\Users\\user\\Documents\\Synrgy\\Chapter 8\\challenge_8\\backend\\models\\CarModel.ts": {"path":"C:\\Users\\user\\Documents\\Synrgy\\Chapter 8\\challenge_8\\backend\\models\\CarModel.ts","statementMap":{"0":{"start":{"line":1,"column":0},"end":{"line":1,"column":47}},"1":{"start":{"line":15,"column":8},"end":{"line":15,"column":21}},"2":{"start":{"line":3,"column":0},"end":{"line":3,"column":13}}},"fnMap":{"0":{"name":"(anonymous_0)","decl":{"start":{"line":14,"column":4},"end":{"line":14,"column":10}},"loc":{"start":{"line":14,"column":24},"end":{"line":16,"column":5}}}},"branchMap":{},"s":{"0":2,"1":0,"2":2},"f":{"0":0},"b":{}}
,"C:\\Users\\user\\Documents\\Synrgy\\Chapter 8\\challenge_8\\backend\\models\\LogModel.ts": {"path":"C:\\Users\\user\\Documents\\Synrgy\\Chapter 8\\challenge_8\\backend\\models\\LogModel.ts","statementMap":{"0":{"start":{"line":1,"column":0},"end":{"line":1,"column":47}},"1":{"start":{"line":12,"column":8},"end":{"line":12,"column":32}},"2":{"start":{"line":3,"column":0},"end":{"line":3,"column":13}}},"fnMap":{"0":{"name":"(anonymous_0)","decl":{"start":{"line":11,"column":4},"end":{"line":11,"column":10}},"loc":{"start":{"line":11,"column":24},"end":{"line":13,"column":5}}}},"branchMap":{},"s":{"0":2,"1":0,"2":2},"f":{"0":0},"b":{}}
,"C:\\Users\\user\\Documents\\Synrgy\\Chapter 8\\challenge_8\\backend\\models\\UserModel.ts": {"path":"C:\\Users\\user\\Documents\\Synrgy\\Chapter 8\\challenge_8\\backend\\models\\UserModel.ts","statementMap":{"0":{"start":{"line":1,"column":0},"end":{"line":1,"column":47}},"1":{"start":{"line":12,"column":8},"end":{"line":12,"column":23}},"2":{"start":{"line":3,"column":0},"end":{"line":3,"column":13}}},"fnMap":{"0":{"name":"(anonymous_0)","decl":{"start":{"line":11,"column":4},"end":{"line":11,"column":10}},"loc":{"start":{"line":11,"column":24},"end":{"line":13,"column":5}}}},"branchMap":{},"s":{"0":2,"1":6,"2":2},"f":{"0":6},"b":{}}
,"C:\\Users\\user\\Documents\\Synrgy\\Chapter 8\\challenge_8\\backend\\src\\controllers\\carsController.ts": {"path":"C:\\Users\\user\\Documents\\Synrgy\\Chapter 8\\challenge_8\\backend\\src\\controllers\\carsController.ts","statementMap":{"0":{"start":{"line":2,"column":0},"end":{"line":2,"column":51}},"1":{"start":{"line":3,"column":0},"end":{"line":3,"column":55}},"2":{"start":{"line":5,"column":0},"end":{"line":5,"column":48}},"3":{"start":{"line":9,"column":16},"end":{"line":16,"column":2}},"4":{"start":{"line":9,"column":54},"end":{"line":16,"column":2}},"5":{"start":{"line":10,"column":4},"end":{"line":15,"column":null}},"6":{"start":{"line":11,"column":21},"end":{"line":11,"column":52}},"7":{"start":{"line":12,"column":8},"end":{"line":12,"column":23}},"8":{"start":{"line":14,"column":8},"end":{"line":14,"column":49}},"9":{"start":{"line":218,"column":9},"end":{"line":218,"column":16}},"10":{"start":{"line":19,"column":16},"end":{"line":29,"column":2}},"11":{"start":{"line":19,"column":54},"end":{"line":29,"column":2}},"12":{"start":{"line":20,"column":19},"end":{"line":20,"column":29}},"13":{"start":{"line":21,"column":4},"end":{"line":28,"column":null}},"14":{"start":{"line":22,"column":21},"end":{"line":22,"column":66}},"15":{"start":{"line":23,"column":8},"end":{"line":23,"column":35}},"16":{"start":{"line":25,"column":8},"end":{"line":27,"column":10}},"17":{"start":{"line":218,"column":27},"end":{"line":218,"column":34}},"18":{"start":{"line":32,"column":16},"end":{"line":101,"column":2}},"19":{"start":{"line":32,"column":54},"end":{"line":101,"column":2}},"20":{"start":{"line":46,"column":8},"end":{"line":46,"column":16}},"21":{"start":{"line":47,"column":18},"end":{"line":47,"column":26}},"22":{"start":{"line":49,"column":4},"end":{"line":54,"column":null}},"23":{"start":{"line":56,"column":4},"end":{"line":100,"column":null}},"24":{"start":{"line":57,"column":28},"end":{"line":57,"column":52}},"25":{"start":{"line":58,"column":29},"end":{"line":58,"column":48}},"26":{"start":{"line":59,"column":30},"end":{"line":73,"column":10}},"27":{"start":{"line":75,"column":23},"end":{"line":75,"column":59}},"28":{"start":{"line":77,"column":8},"end":{"line":91,"column":null}},"29":{"start":{"line":90,"column":28},"end":{"line":90,"column":68}},"30":{"start":{"line":93,"column":8},"end":{"line":93,"column":80}},"31":{"start":{"line":95,"column":8},"end":{"line":99,"column":11}},"32":{"start":{"line":218,"column":18},"end":{"line":218,"column":25}},"33":{"start":{"line":104,"column":18},"end":{"line":193,"column":2}},"34":{"start":{"line":104,"column":56},"end":{"line":193,"column":2}},"35":{"start":{"line":105,"column":19},"end":{"line":105,"column":29}},"36":{"start":{"line":119,"column":8},"end":{"line":119,"column":16}},"37":{"start":{"line":123,"column":4},"end":{"line":127,"column":null}},"38":{"start":{"line":124,"column":8},"end":{"line":124,"column":25}},"39":{"start":{"line":126,"column":8},"end":{"line":126,"column":31}},"40":{"start":{"line":129,"column":4},"end":{"line":140,"column":null}},"41":{"start":{"line":137,"column":8},"end":{"line":139,"column":11}},"42":{"start":{"line":141,"column":4},"end":{"line":192,"column":null}},"43":{"start":{"line":144,"column":8},"end":{"line":149,"column":null}},"44":{"start":{"line":145,"column":31},"end":{"line":145,"column":55}},"45":{"start":{"line":146,"column":12},"end":{"line":146,"column":41}},"46":{"start":{"line":148,"column":12},"end":{"line":148,"column":32}},"47":{"start":{"line":151,"column":30},"end":{"line":165,"column":10}},"48":{"start":{"line":167,"column":27},"end":{"line":167,"column":76}},"49":{"start":{"line":169,"column":8},"end":{"line":180,"column":null}},"50":{"start":{"line":179,"column":28},"end":{"line":179,"column":68}},"51":{"start":{"line":182,"column":8},"end":{"line":184,"column":64}},"52":{"start":{"line":186,"column":8},"end":{"line":186,"column":29}},"53":{"start":{"line":187,"column":8},"end":{"line":191,"column":11}},"54":{"start":{"line":218,"column":36},"end":{"line":218,"column":45}},"55":{"start":{"line":195,"column":18},"end":{"line":216,"column":2}},"56":{"start":{"line":195,"column":56},"end":{"line":216,"column":2}},"57":{"start":{"line":196,"column":19},"end":{"line":196,"column":29}},"58":{"start":{"line":198,"column":4},"end":{"line":215,"column":null}},"59":{"start":{"line":199,"column":27},"end":{"line":199,"column":71}},"60":{"start":{"line":201,"column":8},"end":{"line":211,"column":null}},"61":{"start":{"line":210,"column":28},"end":{"line":210,"column":68}},"62":{"start":{"line":212,"column":8},"end":{"line":212,"column":72}},"63":{"start":{"line":214,"column":8},"end":{"line":214,"column":71}},"64":{"start":{"line":218,"column":47},"end":{"line":218,"column":56}}},"fnMap":{"0":{"name":"(anonymous_8)","decl":{"start":{"line":9,"column":16},"end":{"line":9,"column":23}},"loc":{"start":{"line":9,"column":54},"end":{"line":16,"column":2}}},"1":{"name":"(anonymous_9)","decl":{"start":{"line":9,"column":54},"end":{"line":9,"column":null}},"loc":{"start":{"line":9,"column":54},"end":{"line":16,"column":1}}},"2":{"name":"(anonymous_10)","decl":{"start":{"line":19,"column":16},"end":{"line":19,"column":23}},"loc":{"start":{"line":19,"column":54},"end":{"line":29,"column":2}}},"3":{"name":"(anonymous_11)","decl":{"start":{"line":19,"column":54},"end":{"line":19,"column":null}},"loc":{"start":{"line":19,"column":54},"end":{"line":29,"column":1}}},"4":{"name":"(anonymous_12)","decl":{"start":{"line":32,"column":16},"end":{"line":32,"column":23}},"loc":{"start":{"line":32,"column":54},"end":{"line":101,"column":2}}},"5":{"name":"(anonymous_13)","decl":{"start":{"line":32,"column":54},"end":{"line":32,"column":null}},"loc":{"start":{"line":32,"column":54},"end":{"line":101,"column":1}}},"6":{"name":"(anonymous_14)","decl":{"start":{"line":104,"column":18},"end":{"line":104,"column":25}},"loc":{"start":{"line":104,"column":56},"end":{"line":193,"column":2}}},"7":{"name":"(anonymous_15)","decl":{"start":{"line":104,"column":56},"end":{"line":104,"column":null}},"loc":{"start":{"line":104,"column":56},"end":{"line":193,"column":1}}},"8":{"name":"(anonymous_16)","decl":{"start":{"line":195,"column":18},"end":{"line":195,"column":25}},"loc":{"start":{"line":195,"column":56},"end":{"line":216,"column":2}}},"9":{"name":"(anonymous_17)","decl":{"start":{"line":195,"column":56},"end":{"line":195,"column":null}},"loc":{"start":{"line":195,"column":56},"end":{"line":216,"column":1}}}},"branchMap":{"0":{"loc":{"start":{"line":49,"column":4},"end":{"line":54,"column":null}},"type":"if","locations":[{"start":{"line":49,"column":4},"end":{"line":54,"column":null}}]},"1":{"loc":{"start":{"line":49,"column":8},"end":{"line":49,"column":48}},"type":"binary-expr","locations":[{"start":{"line":49,"column":8},"end":{"line":49,"column":14}},{"start":{"line":49,"column":18},"end":{"line":49,"column":23}},{"start":{"line":49,"column":27},"end":{"line":49,"column":39}},{"start":{"line":49,"column":43},"end":{"line":49,"column":48}}]},"2":{"loc":{"start":{"line":77,"column":8},"end":{"line":91,"column":null}},"type":"if","locations":[{"start":{"line":77,"column":8},"end":{"line":91,"column":null}}]},"3":{"loc":{"start":{"line":123,"column":4},"end":{"line":127,"column":null}},"type":"if","locations":[{"start":{"line":123,"column":4},"end":{"line":127,"column":null}},{"start":{"line":125,"column":11},"end":{"line":127,"column":null}}]},"4":{"loc":{"start":{"line":129,"column":4},"end":{"line":140,"column":null}},"type":"if","locations":[{"start":{"line":129,"column":4},"end":{"line":140,"column":null}}]},"5":{"loc":{"start":{"line":130,"column":8},"end":{"line":135,"column":21}},"type":"binary-expr","locations":[{"start":{"line":130,"column":8},"end":{"line":130,"column":14}},{"start":{"line":131,"column":8},"end":{"line":131,"column":13}},{"start":{"line":132,"column":8},"end":{"line":132,"column":20}},{"start":{"line":133,"column":8},"end":{"line":133,"column":13}},{"start":{"line":134,"column":8},"end":{"line":134,"column":20}},{"start":{"line":135,"column":8},"end":{"line":135,"column":21}}]},"6":{"loc":{"start":{"line":144,"column":8},"end":{"line":149,"column":null}},"type":"if","locations":[{"start":{"line":144,"column":8},"end":{"line":149,"column":null}},{"start":{"line":147,"column":15},"end":{"line":149,"column":null}}]},"7":{"loc":{"start":{"line":169,"column":8},"end":{"line":180,"column":null}},"type":"if","locations":[{"start":{"line":169,"column":8},"end":{"line":180,"column":null}}]},"8":{"loc":{"start":{"line":201,"column":8},"end":{"line":211,"column":null}},"type":"if","locations":[{"start":{"line":201,"column":8},"end":{"line":211,"column":null}}]}},"s":{"0":2,"1":2,"2":2,"3":2,"4":2,"5":2,"6":2,"7":1,"8":1,"9":2,"10":2,"11":2,"12":2,"13":2,"14":2,"15":1,"16":1,"17":2,"18":2,"19":1,"20":1,"21":1,"22":1,"23":1,"24":1,"25":1,"26":1,"27":1,"28":1,"29":0,"30":1,"31":0,"32":2,"33":2,"34":1,"35":1,"36":1,"37":1,"38":0,"39":1,"40":1,"41":0,"42":1,"43":1,"44":0,"45":0,"46":1,"47":1,"48":1,"49":1,"50":0,"51":1,"52":0,"53":0,"54":2,"55":2,"56":1,"57":1,"58":1,"59":1,"60":1,"61":0,"62":1,"63":0,"64":2},"f":{"0":2,"1":2,"2":2,"3":2,"4":1,"5":1,"6":1,"7":1,"8":1,"9":1},"b":{"0":[0],"1":[1,1,1,1],"2":[0],"3":[0,1],"4":[0],"5":[1,1,1,1,1,1],"6":[0,1],"7":[0],"8":[0]}}
,"C:\\Users\\user\\Documents\\Synrgy\\Chapter 8\\challenge_8\\backend\\src\\controllers\\userController.ts": {"path":"C:\\Users\\user\\Documents\\Synrgy\\Chapter 8\\challenge_8\\backend\\src\\controllers\\userController.ts","statementMap":{"0":{"start":{"line":2,"column":0},"end":{"line":2,"column":59}},"1":{"start":{"line":3,"column":0},"end":{"line":3,"column":55}},"2":{"start":{"line":4,"column":0},"end":{"line":4,"column":50}},"3":{"start":{"line":6,"column":12},"end":{"line":6,"column":35}},"4":{"start":{"line":8,"column":18},"end":{"line":8,"column":37}},"5":{"start":{"line":10,"column":16},"end":{"line":18,"column":2}},"6":{"start":{"line":10,"column":54},"end":{"line":18,"column":2}},"7":{"start":{"line":11,"column":4},"end":{"line":17,"column":null}},"8":{"start":{"line":13,"column":8},"end":{"line":13,"column":59}},"9":{"start":{"line":117,"column":38},"end":{"line":117,"column":45}},"10":{"start":{"line":21,"column":21},"end":{"line":60,"column":2}},"11":{"start":{"line":21,"column":59},"end":{"line":60,"column":2}},"12":{"start":{"line":22,"column":4},"end":{"line":59,"column":null}},"13":{"start":{"line":23,"column":36},"end":{"line":23,"column":44}},"14":{"start":{"line":24,"column":21},"end":{"line":24,"column":29}},"15":{"start":{"line":26,"column":26},"end":{"line":26,"column":45}},"16":{"start":{"line":27,"column":27},"end":{"line":27,"column":72}},"17":{"start":{"line":29,"column":8},"end":{"line":33,"column":null}},"18":{"start":{"line":30,"column":12},"end":{"line":32,"column":63}},"19":{"start":{"line":36,"column":25},"end":{"line":36,"column":52}},"20":{"start":{"line":37,"column":27},"end":{"line":37,"column":43}},"21":{"start":{"line":38,"column":23},"end":{"line":38,"column":60}},"22":{"start":{"line":40,"column":21},"end":{"line":45,"column":10}},"23":{"start":{"line":47,"column":25},"end":{"line":47,"column":63}},"24":{"start":{"line":49,"column":8},"end":{"line":51,"column":null}},"25":{"start":{"line":50,"column":12},"end":{"line":50,"column":80}},"26":{"start":{"line":53,"column":8},"end":{"line":55,"column":63}},"27":{"start":{"line":117,"column":9},"end":{"line":117,"column":21}},"28":{"start":{"line":63,"column":22},"end":{"line":96,"column":2}},"29":{"start":{"line":63,"column":60},"end":{"line":96,"column":2}},"30":{"start":{"line":64,"column":4},"end":{"line":95,"column":null}},"31":{"start":{"line":65,"column":22},"end":{"line":65,"column":50}},"32":{"start":{"line":66,"column":25},"end":{"line":66,"column":42}},"33":{"start":{"line":68,"column":26},"end":{"line":68,"column":67}},"34":{"start":{"line":70,"column":8},"end":{"line":72,"column":null}},"35":{"start":{"line":71,"column":12},"end":{"line":71,"column":70}},"36":{"start":{"line":74,"column":30},"end":{"line":74,"column":75}},"37":{"start":{"line":76,"column":8},"end":{"line":78,"column":null}},"38":{"start":{"line":77,"column":12},"end":{"line":77,"column":71}},"39":{"start":{"line":80,"column":22},"end":{"line":86,"column":null}},"40":{"start":{"line":89,"column":8},"end":{"line":92,"column":11}},"41":{"start":{"line":94,"column":8},"end":{"line":94,"column":56}},"42":{"start":{"line":117,"column":23},"end":{"line":117,"column":36}},"43":{"start":{"line":98,"column":22},"end":{"line":115,"column":2}},"44":{"start":{"line":98,"column":60},"end":{"line":115,"column":2}},"45":{"start":{"line":99,"column":4},"end":{"line":114,"column":null}},"46":{"start":{"line":100,"column":23},"end":{"line":100,"column":33}},"47":{"start":{"line":101,"column":21},"end":{"line":101,"column":48}},"48":{"start":{"line":103,"column":8},"end":{"line":105,"column":null}},"49":{"start":{"line":104,"column":12},"end":{"line":104,"column":79}},"50":{"start":{"line":107,"column":27},"end":{"line":107,"column":78}},"51":{"start":{"line":109,"column":8},"end":{"line":109,"column":88}},"52":{"start":{"line":117,"column":47},"end":{"line":117,"column":60}}},"fnMap":{"0":{"name":"(anonymous_8)","decl":{"start":{"line":10,"column":16},"end":{"line":10,"column":23}},"loc":{"start":{"line":10,"column":54},"end":{"line":18,"column":2}}},"1":{"name":"(anonymous_9)","decl":{"start":{"line":10,"column":54},"end":{"line":10,"column":null}},"loc":{"start":{"line":10,"column":54},"end":{"line":18,"column":1}}},"2":{"name":"(anonymous_10)","decl":{"start":{"line":21,"column":21},"end":{"line":21,"column":28}},"loc":{"start":{"line":21,"column":59},"end":{"line":60,"column":2}}},"3":{"name":"(anonymous_11)","decl":{"start":{"line":21,"column":59},"end":{"line":21,"column":null}},"loc":{"start":{"line":21,"column":59},"end":{"line":60,"column":1}}},"4":{"name":"(anonymous_12)","decl":{"start":{"line":63,"column":22},"end":{"line":63,"column":29}},"loc":{"start":{"line":63,"column":60},"end":{"line":96,"column":2}}},"5":{"name":"(anonymous_13)","decl":{"start":{"line":63,"column":60},"end":{"line":63,"column":null}},"loc":{"start":{"line":63,"column":60},"end":{"line":96,"column":1}}},"6":{"name":"(anonymous_14)","decl":{"start":{"line":98,"column":22},"end":{"line":98,"column":29}},"loc":{"start":{"line":98,"column":60},"end":{"line":115,"column":2}}},"7":{"name":"(anonymous_15)","decl":{"start":{"line":98,"column":60},"end":{"line":98,"column":null}},"loc":{"start":{"line":98,"column":60},"end":{"line":115,"column":1}}}},"branchMap":{"0":{"loc":{"start":{"line":29,"column":8},"end":{"line":33,"column":null}},"type":"if","locations":[{"start":{"line":29,"column":8},"end":{"line":33,"column":null}}]},"1":{"loc":{"start":{"line":49,"column":8},"end":{"line":51,"column":null}},"type":"if","locations":[{"start":{"line":49,"column":8},"end":{"line":51,"column":null}}]},"2":{"loc":{"start":{"line":70,"column":8},"end":{"line":72,"column":null}},"type":"if","locations":[{"start":{"line":70,"column":8},"end":{"line":72,"column":null}}]},"3":{"loc":{"start":{"line":76,"column":8},"end":{"line":78,"column":null}},"type":"if","locations":[{"start":{"line":76,"column":8},"end":{"line":78,"column":null}}]},"4":{"loc":{"start":{"line":103,"column":8},"end":{"line":105,"column":null}},"type":"if","locations":[{"start":{"line":103,"column":8},"end":{"line":105,"column":null}}]}},"s":{"0":2,"1":2,"2":2,"3":2,"4":2,"5":2,"6":1,"7":1,"8":1,"9":2,"10":2,"11":1,"12":1,"13":1,"14":1,"15":1,"16":1,"17":0,"18":0,"19":0,"20":0,"21":0,"22":0,"23":0,"24":0,"25":0,"26":0,"27":2,"28":2,"29":0,"30":0,"31":0,"32":0,"33":0,"34":0,"35":0,"36":0,"37":0,"38":0,"39":0,"40":0,"41":0,"42":2,"43":2,"44":1,"45":1,"46":1,"47":1,"48":1,"49":0,"50":1,"51":0,"52":2},"f":{"0":1,"1":1,"2":1,"3":1,"4":0,"5":0,"6":1,"7":1},"b":{"0":[0],"1":[0],"2":[0],"3":[0],"4":[0]}}
,"C:\\Users\\user\\Documents\\Synrgy\\Chapter 8\\challenge_8\\backend\\src\\middleware\\authentication.ts": {"path":"C:\\Users\\user\\Documents\\Synrgy\\Chapter 8\\challenge_8\\backend\\src\\middleware\\authentication.ts","statementMap":{"0":{"start":{"line":3,"column":12},"end":{"line":3,"column":35}},"1":{"start":{"line":5,"column":23},"end":{"line":26,"column":1}},"2":{"start":{"line":5,"column":50},"end":{"line":26,"column":1}},"3":{"start":{"line":6,"column":18},"end":{"line":6,"column":45}},"4":{"start":{"line":7,"column":23},"end":{"line":7,"column":49}},"5":{"start":{"line":8,"column":4},"end":{"line":10,"column":null}},"6":{"start":{"line":9,"column":8},"end":{"line":9,"column":76}},"7":{"start":{"line":12,"column":4},"end":{"line":25,"column":null}},"8":{"start":{"line":13,"column":24},"end":{"line":13,"column":58}},"9":{"start":{"line":15,"column":8},"end":{"line":17,"column":null}},"10":{"start":{"line":16,"column":12},"end":{"line":16,"column":null}},"11":{"start":{"line":20,"column":8},"end":{"line":20,"column":27}},"12":{"start":{"line":22,"column":8},"end":{"line":22,"column":15}},"13":{"start":{"line":24,"column":8},"end":{"line":24,"column":81}},"14":{"start":{"line":28,"column":0},"end":{"line":28,"column":null}}},"fnMap":{"0":{"name":"(anonymous_0)","decl":{"start":{"line":5,"column":23},"end":{"line":5,"column":24}},"loc":{"start":{"line":5,"column":50},"end":{"line":26,"column":1}}},"1":{"name":"(anonymous_1)","decl":{"start":{"line":5,"column":50},"end":{"line":5,"column":51}},"loc":{"start":{"line":5,"column":101},"end":{"line":26,"column":1}}}},"branchMap":{"0":{"loc":{"start":{"line":7,"column":23},"end":{"line":7,"column":49}},"type":"cond-expr","locations":[{"start":{"line":7,"column":28},"end":{"line":7,"column":30}},{"start":{"line":7,"column":23},"end":{"line":7,"column":49}}]},"1":{"loc":{"start":{"line":7,"column":23},"end":{"line":7,"column":30}},"type":"binary-expr","locations":[{"start":{"line":7,"column":23},"end":{"line":7,"column":30}},{"start":{"line":7,"column":23},"end":{"line":7,"column":30}}]},"2":{"loc":{"start":{"line":8,"column":4},"end":{"line":10,"column":null}},"type":"if","locations":[{"start":{"line":8,"column":4},"end":{"line":10,"column":null}}]},"3":{"loc":{"start":{"line":15,"column":8},"end":{"line":17,"column":null}},"type":"if","locations":[{"start":{"line":15,"column":8},"end":{"line":17,"column":null}}]},"4":{"loc":{"start":{"line":15,"column":11},"end":{"line":15,"column":69}},"type":"binary-expr","locations":[{"start":{"line":15,"column":11},"end":{"line":15,"column":31}},{"start":{"line":15,"column":35},"end":{"line":15,"column":69}}]},"5":{"loc":{"start":{"line":15,"column":36},"end":{"line":15,"column":68}},"type":"cond-expr","locations":[{"start":{"line":15,"column":44},"end":{"line":15,"column":46}},{"start":{"line":15,"column":36},"end":{"line":15,"column":68}}]},"6":{"loc":{"start":{"line":15,"column":36},"end":{"line":15,"column":46}},"type":"binary-expr","locations":[{"start":{"line":15,"column":36},"end":{"line":15,"column":46}},{"start":{"line":15,"column":36},"end":{"line":15,"column":46}}]}},"s":{"0":2,"1":2,"2":6,"3":5,"4":5,"5":5,"6":0,"7":5,"8":5,"9":5,"10":0,"11":5,"12":5,"13":0,"14":2},"f":{"0":6,"1":5},"b":{"0":[0,5],"1":[5,5],"2":[0],"3":[0],"4":[5,4],"5":[0,4],"6":[4,4]}}
,"C:\\Users\\user\\Documents\\Synrgy\\Chapter 8\\challenge_8\\backend\\src\\middleware\\cloudinary.ts": {"path":"C:\\Users\\user\\Documents\\Synrgy\\Chapter 8\\challenge_8\\backend\\src\\middleware\\cloudinary.ts","statementMap":{"0":{"start":{"line":1,"column":0},"end":{"line":1,"column":46}},"1":{"start":{"line":3,"column":0},"end":{"line":7,"column":3}},"2":{"start":{"line":9,"column":20},"end":{"line":18,"column":2}},"3":{"start":{"line":9,"column":58},"end":{"line":18,"column":2}},"4":{"start":{"line":10,"column":4},"end":{"line":17,"column":null}},"5":{"start":{"line":11,"column":27},"end":{"line":11,"column":58}},"6":{"start":{"line":12,"column":21},"end":{"line":12,"column":66}},"7":{"start":{"line":13,"column":29},"end":{"line":13,"column":67}},"8":{"start":{"line":14,"column":8},"end":{"line":14,"column":28}},"9":{"start":{"line":16,"column":8},"end":{"line":16,"column":20}},"10":{"start":{"line":20,"column":0},"end":{"line":20,"column":27}}},"fnMap":{"0":{"name":"(anonymous_7)","decl":{"start":{"line":9,"column":20},"end":{"line":9,"column":27}},"loc":{"start":{"line":9,"column":58},"end":{"line":18,"column":2}}},"1":{"name":"(anonymous_8)","decl":{"start":{"line":9,"column":58},"end":{"line":9,"column":null}},"loc":{"start":{"line":9,"column":58},"end":{"line":18,"column":1}}}},"branchMap":{},"s":{"0":2,"1":2,"2":2,"3":1,"4":1,"5":1,"6":1,"7":1,"8":1,"9":0,"10":2},"f":{"0":1,"1":1},"b":{}}
,"C:\\Users\\user\\Documents\\Synrgy\\Chapter 8\\challenge_8\\backend\\src\\middleware\\upload.ts": {"path":"C:\\Users\\user\\Documents\\Synrgy\\Chapter 8\\challenge_8\\backend\\src\\middleware\\upload.ts","statementMap":{"0":{"start":{"line":1,"column":0},"end":{"line":1,"column":28}},"1":{"start":{"line":3,"column":16},"end":{"line":3,"column":38}},"2":{"start":{"line":4,"column":15},"end":{"line":4,"column":43}},"3":{"start":{"line":6,"column":9},"end":{"line":6,"column":15}}},"fnMap":{},"branchMap":{},"s":{"0":2,"1":2,"2":2,"3":2},"f":{},"b":{}}
,"C:\\Users\\user\\Documents\\Synrgy\\Chapter 8\\challenge_8\\backend\\src\\repositories\\cars.ts": {"path":"C:\\Users\\user\\Documents\\Synrgy\\Chapter 8\\challenge_8\\backend\\src\\repositories\\cars.ts","statementMap":{"0":{"start":{"line":1,"column":0},"end":{"line":1,"column":49}},"1":{"start":{"line":57,"column":0},"end":{"line":57,"column":29}}},"fnMap":{},"branchMap":{},"s":{"0":2,"1":2},"f":{},"b":{}}
,"C:\\Users\\user\\Documents\\Synrgy\\Chapter 8\\challenge_8\\backend\\src\\repositories\\logs.ts": {"path":"C:\\Users\\user\\Documents\\Synrgy\\Chapter 8\\challenge_8\\backend\\src\\repositories\\logs.ts","statementMap":{"0":{"start":{"line":1,"column":0},"end":{"line":1,"column":49}},"1":{"start":{"line":11,"column":23},"end":{"line":11,"column":73}},"2":{"start":{"line":12,"column":8},"end":{"line":12,"column":null}},"3":{"start":{"line":16,"column":0},"end":{"line":16,"column":29}}},"fnMap":{"0":{"name":"(anonymous_7)","decl":{"start":{"line":10,"column":10},"end":{"line":10,"column":17}},"loc":{"start":{"line":10,"column":31},"end":{"line":13,"column":null}}}},"branchMap":{},"s":{"0":2,"1":0,"2":0,"3":2},"f":{"0":0},"b":{}}
,"C:\\Users\\user\\Documents\\Synrgy\\Chapter 8\\challenge_8\\backend\\src\\repositories\\users.ts": {"path":"C:\\Users\\user\\Documents\\Synrgy\\Chapter 8\\challenge_8\\backend\\src\\repositories\\users.ts","statementMap":{"0":{"start":{"line":1,"column":0},"end":{"line":1,"column":51}},"1":{"start":{"line":11,"column":23},"end":{"line":11,"column":46}},"2":{"start":{"line":12,"column":8},"end":{"line":12,"column":22}},"3":{"start":{"line":16,"column":23},"end":{"line":16,"column":91}},"4":{"start":{"line":17,"column":8},"end":{"line":17,"column":22}},"5":{"start":{"line":21,"column":23},"end":{"line":21,"column":74}},"6":{"start":{"line":22,"column":8},"end":{"line":22,"column":null}},"7":{"start":{"line":26,"column":23},"end":{"line":26,"column":139}},"8":{"start":{"line":27,"column":8},"end":{"line":27,"column":null}},"9":{"start":{"line":32,"column":0},"end":{"line":32,"column":30}}},"fnMap":{"0":{"name":"(anonymous_7)","decl":{"start":{"line":10,"column":10},"end":{"line":10,"column":16}},"loc":{"start":{"line":10,"column":16},"end":{"line":13,"column":null}}},"1":{"name":"(anonymous_9)","decl":{"start":{"line":15,"column":10},"end":{"line":15,"column":20}},"loc":{"start":{"line":15,"column":34},"end":{"line":18,"column":null}}},"2":{"name":"(anonymous_11)","decl":{"start":{"line":20,"column":10},"end":{"line":20,"column":18}},"loc":{"start":{"line":20,"column":34},"end":{"line":23,"column":null}}},"3":{"name":"(anonymous_13)","decl":{"start":{"line":25,"column":10},"end":{"line":25,"column":19}},"loc":{"start":{"line":25,"column":46},"end":{"line":28,"column":null}}}},"branchMap":{},"s":{"0":2,"1":0,"2":0,"3":1,"4":0,"5":0,"6":0,"7":1,"8":0,"9":2},"f":{"0":0,"1":1,"2":0,"3":1},"b":{}}
,"C:\\Users\\user\\Documents\\Synrgy\\Chapter 8\\challenge_8\\backend\\src\\routes\\carRoutes.ts": {"path":"C:\\Users\\user\\Documents\\Synrgy\\Chapter 8\\challenge_8\\backend\\src\\routes\\carRoutes.ts","statementMap":{"0":{"start":{"line":1,"column":0},"end":{"line":1,"column":33}},"1":{"start":{"line":2,"column":0},"end":{"line":2,"column":58}},"2":{"start":{"line":4,"column":0},"end":{"line":4,"column":null}},"3":{"start":{"line":12,"column":18},"end":{"line":12,"column":26}},"4":{"start":{"line":14,"column":0},"end":{"line":14,"column":28}},"5":{"start":{"line":15,"column":0},"end":{"line":15,"column":55}},"6":{"start":{"line":16,"column":0},"end":{"line":16,"column":35}},"7":{"start":{"line":17,"column":0},"end":{"line":17,"column":37}},"8":{"start":{"line":18,"column":0},"end":{"line":18,"column":42}},"9":{"start":{"line":19,"column":0},"end":{"line":19,"column":47}},"10":{"start":{"line":21,"column":0},"end":{"line":21,"column":25}}},"fnMap":{},"branchMap":{},"s":{"0":2,"1":2,"2":2,"3":2,"4":2,"5":2,"6":2,"7":2,"8":2,"9":2,"10":2},"f":{},"b":{}}
,"C:\\Users\\user\\Documents\\Synrgy\\Chapter 8\\challenge_8\\backend\\src\\routes\\userRoute.ts": {"path":"C:\\Users\\user\\Documents\\Synrgy\\Chapter 8\\challenge_8\\backend\\src\\routes\\userRoute.ts","statementMap":{"0":{"start":{"line":1,"column":0},"end":{"line":1,"column":33}},"1":{"start":{"line":2,"column":0},"end":{"line":2,"column":null}},"2":{"start":{"line":8,"column":0},"end":{"line":8,"column":58}},"3":{"start":{"line":10,"column":19},"end":{"line":10,"column":27}},"4":{"start":{"line":12,"column":0},"end":{"line":12,"column":56}},"5":{"start":{"line":13,"column":0},"end":{"line":13,"column":43}},"6":{"start":{"line":14,"column":0},"end":{"line":14,"column":41}},"7":{"start":{"line":15,"column":0},"end":{"line":15,"column":null}},"8":{"start":{"line":17,"column":0},"end":{"line":17,"column":26}}},"fnMap":{},"branchMap":{},"s":{"0":2,"1":2,"2":2,"3":2,"4":2,"5":2,"6":2,"7":2,"8":2},"f":{},"b":{}}
,"C:\\Users\\user\\Documents\\Synrgy\\Chapter 8\\challenge_8\\backend\\src\\services\\carService.ts": {"path":"C:\\Users\\user\\Documents\\Synrgy\\Chapter 8\\challenge_8\\backend\\src\\services\\carService.ts","statementMap":{"0":{"start":{"line":1,"column":0},"end":{"line":1,"column":49}},"1":{"start":{"line":4,"column":0},"end":{"line":4,"column":21}}},"fnMap":{},"branchMap":{},"s":{"0":2,"1":2},"f":{},"b":{}}
,"C:\\Users\\user\\Documents\\Synrgy\\Chapter 8\\challenge_8\\backend\\src\\services\\logService.ts": {"path":"C:\\Users\\user\\Documents\\Synrgy\\Chapter 8\\challenge_8\\backend\\src\\services\\logService.ts","statementMap":{"0":{"start":{"line":1,"column":0},"end":{"line":1,"column":49}},"1":{"start":{"line":8,"column":8},"end":{"line":8,"column":null}},"2":{"start":{"line":12,"column":8},"end":{"line":12,"column":null}},"3":{"start":{"line":4,"column":0},"end":{"line":4,"column":21}}},"fnMap":{"0":{"name":"(anonymous_8)","decl":{"start":{"line":7,"column":4},"end":{"line":7,"column":null}},"loc":{"start":{"line":7,"column":4},"end":{"line":9,"column":5}}},"1":{"name":"(anonymous_9)","decl":{"start":{"line":11,"column":10},"end":{"line":11,"column":18}},"loc":{"start":{"line":11,"column":33},"end":{"line":13,"column":null}}}},"branchMap":{},"s":{"0":2,"1":0,"2":0,"3":2},"f":{"0":0,"1":0},"b":{}}
,"C:\\Users\\user\\Documents\\Synrgy\\Chapter 8\\challenge_8\\backend\\src\\services\\userService.ts": {"path":"C:\\Users\\user\\Documents\\Synrgy\\Chapter 8\\challenge_8\\backend\\src\\services\\userService.ts","statementMap":{"0":{"start":{"line":1,"column":0},"end":{"line":1,"column":51}},"1":{"start":{"line":8,"column":8},"end":{"line":8,"column":52}},"2":{"start":{"line":12,"column":8},"end":{"line":12,"column":51}},"3":{"start":{"line":16,"column":8},"end":{"line":16,"column":60}},"4":{"start":{"line":20,"column":8},"end":{"line":20,"column":null}},"5":{"start":{"line":24,"column":8},"end":{"line":24,"column":null}},"6":{"start":{"line":4,"column":0},"end":{"line":4,"column":21}}},"fnMap":{"0":{"name":"(anonymous_8)","decl":{"start":{"line":7,"column":4},"end":{"line":7,"column":null}},"loc":{"start":{"line":7,"column":4},"end":{"line":9,"column":5}}},"1":{"name":"(anonymous_9)","decl":{"start":{"line":11,"column":10},"end":{"line":11,"column":16}},"loc":{"start":{"line":11,"column":16},"end":{"line":13,"column":null}}},"2":{"name":"(anonymous_11)","decl":{"start":{"line":15,"column":10},"end":{"line":15,"column":20}},"loc":{"start":{"line":15,"column":34},"end":{"line":17,"column":null}}},"3":{"name":"(anonymous_13)","decl":{"start":{"line":19,"column":10},"end":{"line":19,"column":18}},"loc":{"start":{"line":19,"column":33},"end":{"line":21,"column":null}}},"4":{"name":"(anonymous_15)","decl":{"start":{"line":23,"column":10},"end":{"line":23,"column":19}},"loc":{"start":{"line":23,"column":44},"end":{"line":25,"column":null}}}},"branchMap":{},"s":{"0":2,"1":2,"2":0,"3":1,"4":0,"5":1,"6":2},"f":{"0":2,"1":0,"2":1,"3":0,"4":1},"b":{}}
,"C:\\Users\\user\\Documents\\Synrgy\\Chapter 8\\challenge_8\\backend\\src\\utilities\\checkPassword.ts": {"path":"C:\\Users\\user\\Documents\\Synrgy\\Chapter 8\\challenge_8\\backend\\src\\utilities\\checkPassword.ts","statementMap":{"0":{"start":{"line":1,"column":15},"end":{"line":1,"column":34}},"1":{"start":{"line":3,"column":18},"end":{"line":13,"column":1}},"2":{"start":{"line":4,"column":4},"end":{"line":12,"column":7}},"3":{"start":{"line":5,"column":8},"end":{"line":11,"column":11}},"4":{"start":{"line":6,"column":12},"end":{"line":9,"column":null}},"5":{"start":{"line":7,"column":16},"end":{"line":7,"column":28}},"6":{"start":{"line":8,"column":16},"end":{"line":8,"column":23}},"7":{"start":{"line":10,"column":12},"end":{"line":10,"column":35}},"8":{"start":{"line":15,"column":9},"end":{"line":15,"column":18}}},"fnMap":{"0":{"name":"(anonymous_0)","decl":{"start":{"line":3,"column":18},"end":{"line":3,"column":19}},"loc":{"start":{"line":3,"column":67},"end":{"line":13,"column":1}}},"1":{"name":"(anonymous_1)","decl":{"start":{"line":4,"column":23},"end":{"line":4,"column":24}},"loc":{"start":{"line":4,"column":43},"end":{"line":12,"column":5}}},"2":{"name":"(anonymous_2)","decl":{"start":{"line":5,"column":52},"end":{"line":5,"column":53}},"loc":{"start":{"line":5,"column":90},"end":{"line":11,"column":9}}}},"branchMap":{"0":{"loc":{"start":{"line":6,"column":12},"end":{"line":9,"column":null}},"type":"if","locations":[{"start":{"line":6,"column":12},"end":{"line":9,"column":null}}]}},"s":{"0":2,"1":2,"2":0,"3":0,"4":0,"5":0,"6":0,"7":0,"8":2},"f":{"0":0,"1":0,"2":0},"b":{"0":[0]}}
,"C:\\Users\\user\\Documents\\Synrgy\\Chapter 8\\challenge_8\\backend\\src\\utilities\\encryptPassword.ts": {"path":"C:\\Users\\user\\Documents\\Synrgy\\Chapter 8\\challenge_8\\backend\\src\\utilities\\encryptPassword.ts","statementMap":{"0":{"start":{"line":1,"column":15},"end":{"line":1,"column":34}},"1":{"start":{"line":2,"column":13},"end":{"line":2,"column":15}},"2":{"start":{"line":4,"column":20},"end":{"line":14,"column":1}},"3":{"start":{"line":5,"column":4},"end":{"line":13,"column":7}},"4":{"start":{"line":6,"column":8},"end":{"line":12,"column":11}},"5":{"start":{"line":7,"column":12},"end":{"line":10,"column":null}},"6":{"start":{"line":8,"column":16},"end":{"line":8,"column":28}},"7":{"start":{"line":9,"column":16},"end":{"line":9,"column":23}},"8":{"start":{"line":11,"column":12},"end":{"line":11,"column":39}},"9":{"start":{"line":16,"column":9},"end":{"line":16,"column":20}}},"fnMap":{"0":{"name":"(anonymous_0)","decl":{"start":{"line":4,"column":20},"end":{"line":4,"column":21}},"loc":{"start":{"line":4,"column":41},"end":{"line":14,"column":1}}},"1":{"name":"(anonymous_1)","decl":{"start":{"line":5,"column":23},"end":{"line":5,"column":24}},"loc":{"start":{"line":5,"column":43},"end":{"line":13,"column":5}}},"2":{"name":"(anonymous_2)","decl":{"start":{"line":6,"column":36},"end":{"line":6,"column":37}},"loc":{"start":{"line":6,"column":78},"end":{"line":12,"column":9}}}},"branchMap":{"0":{"loc":{"start":{"line":7,"column":12},"end":{"line":10,"column":null}},"type":"if","locations":[{"start":{"line":7,"column":12},"end":{"line":10,"column":null}}]}},"s":{"0":2,"1":2,"2":2,"3":0,"4":0,"5":0,"6":0,"7":0,"8":0,"9":2},"f":{"0":0,"1":0,"2":0},"b":{"0":[0]}}
}
