TN:
SF:index.ts
FN:32,(anonymous_1)
FN:36,(anonymous_2)
FNF:2
FNH:0
FNDA:0,(anonymous_1)
FNDA:0,(anonymous_2)
DA:1,2
DA:2,2
DA:3,2
DA:4,2
DA:5,2
DA:6,2
DA:8,2
DA:9,2
DA:10,2
DA:11,2
DA:13,2
DA:16,2
DA:17,2
DA:18,2
DA:19,2
DA:21,2
DA:30,2
DA:32,2
DA:33,0
DA:36,2
DA:37,0
DA:40,2
DA:41,2
DA:42,2
DA:44,2
LF:25
LH:23
BRF:0
BRH:0
end_of_record
TN:
SF:models\CarModel.ts
FN:14,(anonymous_0)
FNF:1
FNH:0
FNDA:0,(anonymous_0)
DA:1,2
DA:3,2
DA:15,0
LF:3
LH:2
BRF:0
BRH:0
end_of_record
TN:
SF:models\LogModel.ts
FN:11,(anonymous_0)
FNF:1
FNH:0
FNDA:0,(anonymous_0)
DA:1,2
DA:3,2
DA:12,0
LF:3
LH:2
BRF:0
BRH:0
end_of_record
TN:
SF:models\UserModel.ts
FN:11,(anonymous_0)
FNF:1
FNH:1
FNDA:6,(anonymous_0)
DA:1,2
DA:3,2
DA:12,6
LF:3
LH:3
BRF:0
BRH:0
end_of_record
TN:
SF:src\controllers\carsController.ts
FN:9,(anonymous_8)
FN:9,(anonymous_9)
FN:19,(anonymous_10)
FN:19,(anonymous_11)
FN:32,(anonymous_12)
FN:32,(anonymous_13)
FN:104,(anonymous_14)
FN:104,(anonymous_15)
FN:195,(anonymous_16)
FN:195,(anonymous_17)
FNF:10
FNH:10
FNDA:2,(anonymous_8)
FNDA:2,(anonymous_9)
FNDA:2,(anonymous_10)
FNDA:2,(anonymous_11)
FNDA:1,(anonymous_12)
FNDA:1,(anonymous_13)
FNDA:1,(anonymous_14)
FNDA:1,(anonymous_15)
FNDA:1,(anonymous_16)
FNDA:1,(anonymous_17)
DA:2,2
DA:3,2
DA:5,2
DA:9,2
DA:10,2
DA:11,2
DA:12,1
DA:14,1
DA:19,2
DA:20,2
DA:21,2
DA:22,2
DA:23,1
DA:25,1
DA:32,2
DA:46,1
DA:47,1
DA:49,1
DA:56,1
DA:57,1
DA:58,1
DA:59,1
DA:75,1
DA:77,1
DA:90,0
DA:93,1
DA:95,0
DA:104,2
DA:105,1
DA:119,1
DA:123,1
DA:124,0
DA:126,1
DA:129,1
DA:137,0
DA:141,1
DA:144,1
DA:145,0
DA:146,0
DA:148,1
DA:151,1
DA:167,1
DA:169,1
DA:179,0
DA:182,1
DA:186,0
DA:187,0
DA:195,2
DA:196,1
DA:198,1
DA:199,1
DA:201,1
DA:210,0
DA:212,1
DA:214,0
DA:218,2
LF:56
LH:45
BRDA:49,0,0,0
BRDA:49,1,0,1
BRDA:49,1,1,1
BRDA:49,1,2,1
BRDA:49,1,3,1
BRDA:77,2,0,0
BRDA:123,3,0,0
BRDA:123,3,1,1
BRDA:129,4,0,0
BRDA:130,5,0,1
BRDA:130,5,1,1
BRDA:130,5,2,1
BRDA:130,5,3,1
BRDA:130,5,4,1
BRDA:130,5,5,1
BRDA:144,6,0,0
BRDA:144,6,1,1
BRDA:169,7,0,0
BRDA:201,8,0,0
BRF:19
BRH:12
end_of_record
TN:
SF:src\controllers\userController.ts
FN:10,(anonymous_8)
FN:10,(anonymous_9)
FN:21,(anonymous_10)
FN:21,(anonymous_11)
FN:63,(anonymous_12)
FN:63,(anonymous_13)
FN:98,(anonymous_14)
FN:98,(anonymous_15)
FNF:8
FNH:6
FNDA:1,(anonymous_8)
FNDA:1,(anonymous_9)
FNDA:1,(anonymous_10)
FNDA:1,(anonymous_11)
FNDA:0,(anonymous_12)
FNDA:0,(anonymous_13)
FNDA:1,(anonymous_14)
FNDA:1,(anonymous_15)
DA:2,2
DA:3,2
DA:4,2
DA:6,2
DA:8,2
DA:10,2
DA:11,1
DA:13,1
DA:21,2
DA:22,1
DA:23,1
DA:24,1
DA:26,1
DA:27,1
DA:29,0
DA:30,0
DA:36,0
DA:37,0
DA:38,0
DA:40,0
DA:47,0
DA:49,0
DA:50,0
DA:53,0
DA:63,2
DA:64,0
DA:65,0
DA:66,0
DA:68,0
DA:70,0
DA:71,0
DA:74,0
DA:76,0
DA:77,0
DA:80,0
DA:89,0
DA:94,0
DA:98,2
DA:99,1
DA:100,1
DA:101,1
DA:103,1
DA:104,0
DA:107,1
DA:109,0
DA:117,2
LF:46
LH:22
BRDA:29,0,0,0
BRDA:49,1,0,0
BRDA:70,2,0,0
BRDA:76,3,0,0
BRDA:103,4,0,0
BRF:5
BRH:0
end_of_record
TN:
SF:src\middleware\authentication.ts
FN:5,(anonymous_0)
FN:5,(anonymous_1)
FNF:2
FNH:2
FNDA:6,(anonymous_0)
FNDA:5,(anonymous_1)
DA:3,2
DA:5,6
DA:6,5
DA:7,5
DA:8,5
DA:9,0
DA:12,5
DA:13,5
DA:15,5
DA:16,0
DA:20,5
DA:22,5
DA:24,0
DA:28,2
LF:14
LH:11
BRDA:7,0,0,0
BRDA:7,0,1,5
BRDA:7,1,0,5
BRDA:7,1,1,5
BRDA:8,2,0,0
BRDA:15,3,0,0
BRDA:15,4,0,5
BRDA:15,4,1,4
BRDA:15,5,0,0
BRDA:15,5,1,4
BRDA:15,6,0,4
BRDA:15,6,1,4
BRF:12
BRH:8
end_of_record
TN:
SF:src\middleware\cloudinary.ts
FN:9,(anonymous_7)
FN:9,(anonymous_8)
FNF:2
FNH:2
FNDA:1,(anonymous_7)
FNDA:1,(anonymous_8)
DA:1,2
DA:3,2
DA:9,2
DA:10,1
DA:11,1
DA:12,1
DA:13,1
DA:14,1
DA:16,0
DA:20,2
LF:10
LH:9
BRF:0
BRH:0
end_of_record
TN:
SF:src\middleware\upload.ts
FNF:0
FNH:0
DA:1,2
DA:3,2
DA:4,2
DA:6,2
LF:4
LH:4
BRF:0
BRH:0
end_of_record
TN:
SF:src\repositories\cars.ts
FNF:0
FNH:0
DA:1,2
DA:57,2
LF:2
LH:2
BRF:0
BRH:0
end_of_record
TN:
SF:src\repositories\logs.ts
FN:10,(anonymous_7)
FNF:1
FNH:0
FNDA:0,(anonymous_7)
DA:1,2
DA:11,0
DA:12,0
DA:16,2
LF:4
LH:2
BRF:0
BRH:0
end_of_record
TN:
SF:src\repositories\users.ts
FN:10,(anonymous_7)
FN:15,(anonymous_9)
FN:20,(anonymous_11)
FN:25,(anonymous_13)
FNF:4
FNH:2
FNDA:0,(anonymous_7)
FNDA:1,(anonymous_9)
FNDA:0,(anonymous_11)
FNDA:1,(anonymous_13)
DA:1,2
DA:11,0
DA:12,0
DA:16,1
DA:17,0
DA:21,0
DA:22,0
DA:26,1
DA:27,0
DA:32,2
LF:10
LH:4
BRF:0
BRH:0
end_of_record
TN:
SF:src\routes\carRoutes.ts
FNF:0
FNH:0
DA:1,2
DA:2,2
DA:4,2
DA:12,2
DA:14,2
DA:15,2
DA:16,2
DA:17,2
DA:18,2
DA:19,2
DA:21,2
LF:11
LH:11
BRF:0
BRH:0
end_of_record
TN:
SF:src\routes\userRoute.ts
FNF:0
FNH:0
DA:1,2
DA:2,2
DA:8,2
DA:10,2
DA:12,2
DA:13,2
DA:14,2
DA:15,2
DA:17,2
LF:9
LH:9
BRF:0
BRH:0
end_of_record
TN:
SF:src\services\carService.ts
FNF:0
FNH:0
DA:1,2
DA:4,2
LF:2
LH:2
BRF:0
BRH:0
end_of_record
TN:
SF:src\services\logService.ts
FN:7,(anonymous_8)
FN:11,(anonymous_9)
FNF:2
FNH:0
FNDA:0,(anonymous_8)
FNDA:0,(anonymous_9)
DA:1,2
DA:4,2
DA:8,0
DA:12,0
LF:4
LH:2
BRF:0
BRH:0
end_of_record
TN:
SF:src\services\userService.ts
FN:7,(anonymous_8)
FN:11,(anonymous_9)
FN:15,(anonymous_11)
FN:19,(anonymous_13)
FN:23,(anonymous_15)
FNF:5
FNH:3
FNDA:2,(anonymous_8)
FNDA:0,(anonymous_9)
FNDA:1,(anonymous_11)
FNDA:0,(anonymous_13)
FNDA:1,(anonymous_15)
DA:1,2
DA:4,2
DA:8,2
DA:12,0
DA:16,1
DA:20,0
DA:24,1
LF:7
LH:5
BRF:0
BRH:0
end_of_record
TN:
SF:src\utilities\checkPassword.ts
FN:3,(anonymous_0)
FN:4,(anonymous_1)
FN:5,(anonymous_2)
FNF:3
FNH:0
FNDA:0,(anonymous_0)
FNDA:0,(anonymous_1)
FNDA:0,(anonymous_2)
DA:1,2
DA:3,2
DA:4,0
DA:5,0
DA:6,0
DA:7,0
DA:8,0
DA:10,0
DA:15,2
LF:9
LH:3
BRDA:6,0,0,0
BRF:1
BRH:0
end_of_record
TN:
SF:src\utilities\encryptPassword.ts
FN:4,(anonymous_0)
FN:5,(anonymous_1)
FN:6,(anonymous_2)
FNF:3
FNH:0
FNDA:0,(anonymous_0)
FNDA:0,(anonymous_1)
FNDA:0,(anonymous_2)
DA:1,2
DA:2,2
DA:4,2
DA:5,0
DA:6,0
DA:7,0
DA:8,0
DA:9,0
DA:11,0
DA:16,2
LF:10
LH:4
BRDA:7,0,0,0
BRF:1
BRH:0
end_of_record
