<?xml version="1.0" encoding="UTF-8"?>
<coverage generated="1703161172406" clover="3.2.0">
  <project timestamp="1703161172407" name="All files">
    <metrics statements="221" coveredstatements="158" conditionals="24" coveredconditionals="10" methods="49" coveredmethods="25" elements="294" coveredelements="193" complexity="0" loc="221" ncloc="221" packages="7" files="24" classes="24"/>
    <package name="Context">
      <metrics statements="10" coveredstatements="4" conditionals="1" coveredconditionals="0" methods="2" coveredmethods="0"/>
      <file name="UserContext.tsx" path="C:\Users\user\Documents\Synrgy\Chapter 8\challenge_8\client\src\Context\UserContext.tsx">
        <metrics statements="10" coveredstatements="4" conditionals="1" coveredconditionals="0" methods="2" coveredmethods="0"/>
        <line num="1" count="1" type="stmt"/>
        <line num="14" count="1" type="stmt"/>
        <line num="20" count="1" type="stmt"/>
        <line num="21" count="0" type="stmt"/>
        <line num="23" count="0" type="stmt"/>
        <line num="30" count="1" type="stmt"/>
        <line num="31" count="0" type="stmt"/>
        <line num="32" count="0" type="cond" truecount="0" falsecount="1"/>
        <line num="33" count="0" type="stmt"/>
        <line num="35" count="0" type="stmt"/>
      </file>
    </package>
    <package name="components">
      <metrics statements="21" coveredstatements="20" conditionals="2" coveredconditionals="1" methods="2" coveredmethods="2"/>
      <file name="Login.tsx" path="C:\Users\user\Documents\Synrgy\Chapter 8\challenge_8\client\src\components\Login.tsx">
        <metrics statements="21" coveredstatements="20" conditionals="2" coveredconditionals="1" methods="2" coveredmethods="2"/>
        <line num="1" count="1" type="stmt"/>
        <line num="2" count="1" type="stmt"/>
        <line num="3" count="1" type="stmt"/>
        <line num="4" count="1" type="stmt"/>
        <line num="11" count="1" type="stmt"/>
        <line num="12" count="3" type="stmt"/>
        <line num="13" count="3" type="stmt"/>
        <line num="14" count="3" type="stmt"/>
        <line num="15" count="3" type="stmt"/>
        <line num="17" count="3" type="stmt"/>
        <line num="18" count="1" type="stmt"/>
        <line num="20" count="1" type="stmt"/>
        <line num="21" count="1" type="stmt"/>
        <line num="23" count="1" type="stmt"/>
        <line num="24" count="1" type="stmt"/>
        <line num="29" count="1" type="stmt"/>
        <line num="30" count="1" type="stmt"/>
        <line num="31" count="1" type="stmt"/>
        <line num="33" count="0" type="stmt"/>
        <line num="36" count="3" type="stmt"/>
        <line num="112" count="1" type="stmt"/>
      </file>
    </package>
    <package name="components.Cars">
      <metrics statements="23" coveredstatements="18" conditionals="2" coveredconditionals="1" methods="5" coveredmethods="1"/>
      <file name="CarDashboard.tsx" path="C:\Users\user\Documents\Synrgy\Chapter 8\challenge_8\client\src\components\Cars\CarDashboard.tsx">
        <metrics statements="23" coveredstatements="18" conditionals="2" coveredconditionals="1" methods="5" coveredmethods="1"/>
        <line num="1" count="1" type="stmt"/>
        <line num="2" count="1" type="stmt"/>
        <line num="3" count="1" type="stmt"/>
        <line num="4" count="1" type="stmt"/>
        <line num="5" count="1" type="stmt"/>
        <line num="6" count="1" type="stmt"/>
        <line num="7" count="1" type="stmt"/>
        <line num="9" count="1" type="stmt"/>
        <line num="10" count="1" type="stmt"/>
        <line num="11" count="1" type="stmt"/>
        <line num="12" count="1" type="stmt"/>
        <line num="13" count="1" type="stmt"/>
        <line num="15" count="1" type="stmt"/>
        <line num="16" count="0" type="stmt"/>
        <line num="17" count="0" type="stmt"/>
        <line num="18" count="0" type="stmt"/>
        <line num="22" count="1" type="stmt"/>
        <line num="27" count="1" type="stmt"/>
        <line num="28" count="0" type="stmt"/>
        <line num="31" count="1" type="stmt"/>
        <line num="32" count="0" type="stmt"/>
        <line num="35" count="1" type="stmt"/>
        <line num="139" count="1" type="stmt"/>
      </file>
    </package>
    <package name="components.Cars.components">
      <metrics statements="107" coveredstatements="60" conditionals="16" coveredconditionals="6" methods="23" coveredmethods="10"/>
      <file name="AddCar.tsx" path="C:\Users\user\Documents\Synrgy\Chapter 8\challenge_8\client\src\components\Cars\components\AddCar.tsx">
        <metrics statements="10" coveredstatements="5" conditionals="2" coveredconditionals="0" methods="2" coveredmethods="0"/>
        <line num="1" count="1" type="stmt"/>
        <line num="2" count="1" type="stmt"/>
        <line num="3" count="1" type="stmt"/>
        <line num="27" count="1" type="stmt"/>
        <line num="28" count="0" type="stmt"/>
        <line num="29" count="0" type="stmt"/>
        <line num="30" count="0" type="stmt"/>
        <line num="136" count="0" type="stmt"/>
        <line num="334" count="0" type="stmt"/>
        <line num="370" count="1" type="stmt"/>
      </file>
      <file name="CarsList.tsx" path="C:\Users\user\Documents\Synrgy\Chapter 8\challenge_8\client\src\components\Cars\components\CarsList.tsx">
        <metrics statements="5" coveredstatements="2" conditionals="0" coveredconditionals="0" methods="2" coveredmethods="0"/>
        <line num="15" count="1" type="stmt"/>
        <line num="45" count="0" type="stmt"/>
        <line num="46" count="0" type="stmt"/>
        <line num="47" count="0" type="stmt"/>
        <line num="207" count="1" type="stmt"/>
      </file>
      <file name="DeleteModal.tsx" path="C:\Users\user\Documents\Synrgy\Chapter 8\challenge_8\client\src\components\Cars\components\DeleteModal.tsx">
        <metrics statements="20" coveredstatements="5" conditionals="1" coveredconditionals="0" methods="2" coveredmethods="0"/>
        <line num="1" count="1" type="stmt"/>
        <line num="2" count="1" type="stmt"/>
        <line num="3" count="1" type="stmt"/>
        <line num="12" count="1" type="stmt"/>
        <line num="18" count="0" type="stmt"/>
        <line num="19" count="0" type="stmt"/>
        <line num="21" count="0" type="stmt"/>
        <line num="22" count="0" type="stmt"/>
        <line num="23" count="0" type="stmt"/>
        <line num="24" count="0" type="stmt"/>
        <line num="30" count="0" type="cond" truecount="0" falsecount="1"/>
        <line num="31" count="0" type="stmt"/>
        <line num="32" count="0" type="stmt"/>
        <line num="33" count="0" type="stmt"/>
        <line num="35" count="0" type="stmt"/>
        <line num="36" count="0" type="stmt"/>
        <line num="37" count="0" type="stmt"/>
        <line num="38" count="0" type="stmt"/>
        <line num="40" count="0" type="stmt"/>
        <line num="189" count="1" type="stmt"/>
      </file>
      <file name="EditCar.tsx" path="C:\Users\user\Documents\Synrgy\Chapter 8\challenge_8\client\src\components\Cars\components\EditCar.tsx">
        <metrics statements="19" coveredstatements="4" conditionals="1" coveredconditionals="0" methods="4" coveredmethods="0"/>
        <line num="1" count="1" type="stmt"/>
        <line num="3" count="1" type="stmt"/>
        <line num="11" count="1" type="stmt"/>
        <line num="12" count="0" type="stmt"/>
        <line num="13" count="0" type="stmt"/>
        <line num="28" count="0" type="stmt"/>
        <line num="30" count="0" type="stmt"/>
        <line num="31" count="0" type="stmt"/>
        <line num="111" count="0" type="stmt"/>
        <line num="112" count="0" type="stmt"/>
        <line num="113" count="0" type="stmt"/>
        <line num="114" count="0" type="stmt"/>
        <line num="122" count="0" type="stmt"/>
        <line num="124" count="0" type="stmt"/>
        <line num="128" count="0" type="stmt"/>
        <line num="131" count="0" type="stmt"/>
        <line num="132" count="0" type="cond" truecount="0" falsecount="1"/>
        <line num="133" count="0" type="stmt"/>
        <line num="400" count="1" type="stmt"/>
      </file>
      <file name="Header.tsx" path="C:\Users\user\Documents\Synrgy\Chapter 8\challenge_8\client\src\components\Cars\components\Header.tsx">
        <metrics statements="7" coveredstatements="7" conditionals="0" coveredconditionals="0" methods="1" coveredmethods="1"/>
        <line num="1" count="1" type="stmt"/>
        <line num="4" count="1" type="stmt"/>
        <line num="5" count="1" type="stmt"/>
        <line num="7" count="1" type="stmt"/>
        <line num="8" count="1" type="stmt"/>
        <line num="10" count="1" type="stmt"/>
        <line num="119" count="1" type="stmt"/>
      </file>
      <file name="Imagefile.tsx" path="C:\Users\user\Documents\Synrgy\Chapter 8\challenge_8\client\src\components\Cars\components\Imagefile.tsx">
        <metrics statements="3" coveredstatements="2" conditionals="0" coveredconditionals="0" methods="1" coveredmethods="0"/>
        <line num="2" count="1" type="stmt"/>
        <line num="3" count="0" type="stmt"/>
        <line num="21" count="1" type="stmt"/>
      </file>
      <file name="IndexPage.tsx" path="C:\Users\user\Documents\Synrgy\Chapter 8\challenge_8\client\src\components\Cars\components\IndexPage.tsx">
        <metrics statements="17" coveredstatements="14" conditionals="0" coveredconditionals="0" methods="5" coveredmethods="4"/>
        <line num="1" count="1" type="stmt"/>
        <line num="2" count="1" type="stmt"/>
        <line num="3" count="1" type="stmt"/>
        <line num="12" count="1" type="stmt"/>
        <line num="13" count="1" type="stmt"/>
        <line num="14" count="1" type="stmt"/>
        <line num="16" count="1" type="stmt"/>
        <line num="17" count="2" type="stmt"/>
        <line num="23" count="0" type="stmt"/>
        <line num="25" count="0" type="stmt"/>
        <line num="28" count="1" type="stmt"/>
        <line num="29" count="1" type="stmt"/>
        <line num="32" count="1" type="stmt"/>
        <line num="33" count="1" type="stmt"/>
        <line num="35" count="1" type="stmt"/>
        <line num="102" count="0" type="stmt"/>
        <line num="121" count="1" type="stmt"/>
      </file>
      <file name="InnerContainer.tsx" path="C:\Users\user\Documents\Synrgy\Chapter 8\challenge_8\client\src\components\Cars\components\InnerContainer.tsx">
        <metrics statements="3" coveredstatements="3" conditionals="0" coveredconditionals="0" methods="1" coveredmethods="1"/>
        <line num="3" count="1" type="stmt"/>
        <line num="4" count="1" type="stmt"/>
        <line num="47" count="1" type="stmt"/>
      </file>
      <file name="MainContainer.tsx" path="C:\Users\user\Documents\Synrgy\Chapter 8\challenge_8\client\src\components\Cars\components\MainContainer.tsx">
        <metrics statements="19" coveredstatements="14" conditionals="12" coveredconditionals="6" methods="4" coveredmethods="3"/>
        <line num="2" count="1" type="stmt"/>
        <line num="3" count="1" type="stmt"/>
        <line num="4" count="1" type="stmt"/>
        <line num="5" count="1" type="stmt"/>
        <line num="17" count="1" type="stmt"/>
        <line num="26" count="1" type="stmt"/>
        <line num="27" count="2" type="cond" truecount="1" falsecount="2"/>
        <line num="29" count="0" type="stmt"/>
        <line num="31" count="0" type="stmt"/>
        <line num="33" count="2" type="stmt"/>
        <line num="37" count="1" type="stmt"/>
        <line num="38" count="1" type="cond" truecount="1" falsecount="2"/>
        <line num="40" count="0" type="stmt"/>
        <line num="47" count="0" type="stmt"/>
        <line num="55" count="1" type="stmt"/>
        <line num="61" count="1" type="cond" truecount="1" falsecount="1"/>
        <line num="63" count="1" type="stmt"/>
        <line num="141" count="0" type="stmt"/>
        <line num="153" count="1" type="stmt"/>
      </file>
      <file name="OuterSidebar.tsx" path="C:\Users\user\Documents\Synrgy\Chapter 8\challenge_8\client\src\components\Cars\components\OuterSidebar.tsx">
        <metrics statements="3" coveredstatements="3" conditionals="0" coveredconditionals="0" methods="1" coveredmethods="1"/>
        <line num="3" count="1" type="stmt"/>
        <line num="4" count="1" type="stmt"/>
        <line num="75" count="1" type="stmt"/>
      </file>
      <file name="StatusModal.tsx" path="C:\Users\user\Documents\Synrgy\Chapter 8\challenge_8\client\src\components\Cars\components\StatusModal.tsx">
        <metrics statements="1" coveredstatements="1" conditionals="0" coveredconditionals="0" methods="0" coveredmethods="0"/>
        <line num="43" count="1" type="stmt"/>
      </file>
    </package>
    <package name="components.Cars.types">
      <metrics statements="5" coveredstatements="3" conditionals="0" coveredconditionals="0" methods="1" coveredmethods="0"/>
      <file name="RandomData.tsx" path="C:\Users\user\Documents\Synrgy\Chapter 8\challenge_8\client\src\components\Cars\types\RandomData.tsx">
        <metrics statements="5" coveredstatements="3" conditionals="0" coveredconditionals="0" methods="1" coveredmethods="0"/>
        <line num="1" count="1" type="stmt"/>
        <line num="18" count="1" type="stmt"/>
        <line num="19" count="0" type="stmt"/>
        <line num="20" count="0" type="stmt"/>
        <line num="23" count="1" type="stmt"/>
      </file>
    </package>
    <package name="components.LandingPage">
      <metrics statements="14" coveredstatements="14" conditionals="0" coveredconditionals="0" methods="1" coveredmethods="1"/>
      <file name="LandingPage.tsx" path="C:\Users\user\Documents\Synrgy\Chapter 8\challenge_8\client\src\components\LandingPage\LandingPage.tsx">
        <metrics statements="14" coveredstatements="14" conditionals="0" coveredconditionals="0" methods="1" coveredmethods="1"/>
        <line num="2" count="1" type="stmt"/>
        <line num="3" count="1" type="stmt"/>
        <line num="4" count="1" type="stmt"/>
        <line num="5" count="1" type="stmt"/>
        <line num="6" count="1" type="stmt"/>
        <line num="7" count="1" type="stmt"/>
        <line num="8" count="1" type="stmt"/>
        <line num="9" count="1" type="stmt"/>
        <line num="10" count="1" type="stmt"/>
        <line num="11" count="1" type="stmt"/>
        <line num="12" count="1" type="stmt"/>
        <line num="14" count="1" type="stmt"/>
        <line num="15" count="1" type="stmt"/>
        <line num="29" count="1" type="stmt"/>
      </file>
    </package>
    <package name="components.LandingPage.sections">
      <metrics statements="41" coveredstatements="39" conditionals="3" coveredconditionals="2" methods="15" coveredmethods="11"/>
      <file name="CTABanner.tsx" path="C:\Users\user\Documents\Synrgy\Chapter 8\challenge_8\client\src\components\LandingPage\sections\CTABanner.tsx">
        <metrics statements="3" coveredstatements="3" conditionals="0" coveredconditionals="0" methods="1" coveredmethods="1"/>
        <line num="2" count="1" type="stmt"/>
        <line num="3" count="1" type="stmt"/>
        <line num="25" count="1" type="stmt"/>
      </file>
      <file name="Footer.tsx" path="C:\Users\user\Documents\Synrgy\Chapter 8\challenge_8\client\src\components\LandingPage\sections\Footer.tsx">
        <metrics statements="3" coveredstatements="3" conditionals="0" coveredconditionals="0" methods="1" coveredmethods="1"/>
        <line num="3" count="1" type="stmt"/>
        <line num="4" count="1" type="stmt"/>
        <line num="114" count="1" type="stmt"/>
      </file>
      <file name="FrequentQuestion.tsx" path="C:\Users\user\Documents\Synrgy\Chapter 8\challenge_8\client\src\components\LandingPage\sections\FrequentQuestion.tsx">
        <metrics statements="3" coveredstatements="3" conditionals="0" coveredconditionals="0" methods="1" coveredmethods="1"/>
        <line num="3" count="1" type="stmt"/>
        <line num="4" count="1" type="stmt"/>
        <line num="167" count="1" type="stmt"/>
      </file>
      <file name="Hero.tsx" path="C:\Users\user\Documents\Synrgy\Chapter 8\challenge_8\client\src\components\LandingPage\sections\Hero.tsx">
        <metrics statements="3" coveredstatements="3" conditionals="0" coveredconditionals="0" methods="1" coveredmethods="1"/>
        <line num="2" count="1" type="stmt"/>
        <line num="3" count="1" type="stmt"/>
        <line num="91" count="1" type="stmt"/>
      </file>
      <file name="Offcanvas.tsx" path="C:\Users\user\Documents\Synrgy\Chapter 8\challenge_8\client\src\components\LandingPage\sections\Offcanvas.tsx">
        <metrics statements="3" coveredstatements="3" conditionals="0" coveredconditionals="0" methods="1" coveredmethods="1"/>
        <line num="2" count="1" type="stmt"/>
        <line num="3" count="1" type="stmt"/>
        <line num="58" count="1" type="stmt"/>
      </file>
      <file name="Service.tsx" path="C:\Users\user\Documents\Synrgy\Chapter 8\challenge_8\client\src\components\LandingPage\sections\Service.tsx">
        <metrics statements="3" coveredstatements="3" conditionals="0" coveredconditionals="0" methods="1" coveredmethods="1"/>
        <line num="3" count="1" type="stmt"/>
        <line num="4" count="1" type="stmt"/>
        <line num="163" count="1" type="stmt"/>
      </file>
      <file name="Testimonial.tsx" path="C:\Users\user\Documents\Synrgy\Chapter 8\challenge_8\client\src\components\LandingPage\sections\Testimonial.tsx">
        <metrics statements="20" coveredstatements="18" conditionals="3" coveredconditionals="2" methods="8" coveredmethods="4"/>
        <line num="1" count="1" type="stmt"/>
        <line num="3" count="1" type="stmt"/>
        <line num="4" count="1" type="stmt"/>
        <line num="5" count="1" type="stmt"/>
        <line num="7" count="1" type="stmt"/>
        <line num="9" count="1" type="cond" truecount="1" falsecount="1"/>
        <line num="10" count="1" type="stmt"/>
        <line num="13" count="1" type="stmt"/>
        <line num="14" count="1" type="stmt"/>
        <line num="17" count="1" type="stmt"/>
        <line num="18" count="1" type="stmt"/>
        <line num="19" count="1" type="cond" truecount="1" falsecount="0"/>
        <line num="20" count="1" type="stmt"/>
        <line num="24" count="1" type="stmt"/>
        <line num="28" count="1" type="stmt"/>
        <line num="29" count="0" type="stmt"/>
        <line num="32" count="1" type="stmt"/>
        <line num="33" count="0" type="stmt"/>
        <line num="36" count="1" type="stmt"/>
        <line num="401" count="1" type="stmt"/>
      </file>
      <file name="WhyUs.tsx" path="C:\Users\user\Documents\Synrgy\Chapter 8\challenge_8\client\src\components\LandingPage\sections\WhyUs.tsx">
        <metrics statements="3" coveredstatements="3" conditionals="0" coveredconditionals="0" methods="1" coveredmethods="1"/>
        <line num="2" count="1" type="stmt"/>
        <line num="3" count="1" type="stmt"/>
        <line num="186" count="1" type="stmt"/>
      </file>
    </package>
  </project>
</coverage>
