{"C:\\Users\\user\\Documents\\Synrgy\\Chapter 8\\challenge_8\\client\\src\\Context\\UserContext.tsx": {"path":"C:\\Users\\user\\Documents\\Synrgy\\Chapter 8\\challenge_8\\client\\src\\Context\\UserContext.tsx","statementMap":{"0":{"start":{"line":1,"column":0},"end":{"line":1,"column":82}},"1":{"start":{"line":14,"column":20},"end":{"line":14,"column":73}},"2":{"start":{"line":20,"column":57},"end":{"line":28,"column":1}},"3":{"start":{"line":21,"column":28},"end":{"line":21,"column":55}},"4":{"start":{"line":23,"column":4},"end":{"line":27,"column":null}},"5":{"start":{"line":20,"column":13},"end":{"line":20,"column":57}},"6":{"start":{"line":30,"column":23},"end":{"line":36,"column":1}},"7":{"start":{"line":31,"column":20},"end":{"line":31,"column":43}},"8":{"start":{"line":32,"column":4},"end":{"line":34,"column":5}},"9":{"start":{"line":33,"column":8},"end":{"line":33,"column":null}},"10":{"start":{"line":35,"column":4},"end":{"line":35,"column":null}},"11":{"start":{"line":30,"column":13},"end":{"line":30,"column":23}}},"fnMap":{"0":{"name":"(anonymous_0)","decl":{"start":{"line":20,"column":57},"end":{"line":20,"column":58}},"loc":{"start":{"line":20,"column":74},"end":{"line":28,"column":1}}},"1":{"name":"(anonymous_1)","decl":{"start":{"line":30,"column":23},"end":{"line":30,"column":26}},"loc":{"start":{"line":30,"column":28},"end":{"line":36,"column":1}}}},"branchMap":{"0":{"loc":{"start":{"line":32,"column":4},"end":{"line":34,"column":5}},"type":"if","locations":[{"start":{"line":32,"column":4},"end":{"line":34,"column":5}}]}},"s":{"0":1,"1":1,"2":1,"3":0,"4":0,"5":1,"6":1,"7":0,"8":0,"9":0,"10":0,"11":1},"f":{"0":0,"1":0},"b":{"0":[0]}}
,"C:\\Users\\user\\Documents\\Synrgy\\Chapter 8\\challenge_8\\client\\src\\components\\Login.tsx": {"path":"C:\\Users\\user\\Documents\\Synrgy\\Chapter 8\\challenge_8\\client\\src\\components\\Login.tsx","statementMap":{"0":{"start":{"line":1,"column":0},"end":{"line":1,"column":47}},"1":{"start":{"line":2,"column":0},"end":{"line":2,"column":45}},"2":{"start":{"line":3,"column":0},"end":{"line":3,"column":43}},"3":{"start":{"line":4,"column":0},"end":{"line":4,"column":25}},"4":{"start":{"line":11,"column":30},"end":{"line":110,"column":1}},"5":{"start":{"line":12,"column":21},"end":{"line":12,"column":58}},"6":{"start":{"line":13,"column":21},"end":{"line":13,"column":51}},"7":{"start":{"line":14,"column":24},"end":{"line":14,"column":54}},"8":{"start":{"line":15,"column":32},"end":{"line":15,"column":47}},"9":{"start":{"line":17,"column":25},"end":{"line":35,"column":5}},"10":{"start":{"line":18,"column":8},"end":{"line":18,"column":null}},"11":{"start":{"line":20,"column":27},"end":{"line":20,"column":50}},"12":{"start":{"line":21,"column":30},"end":{"line":21,"column":56}},"13":{"start":{"line":23,"column":8},"end":{"line":34,"column":9}},"14":{"start":{"line":24,"column":29},"end":{"line":27,"column":14}},"15":{"start":{"line":29,"column":12},"end":{"line":29,"column":null}},"16":{"start":{"line":30,"column":12},"end":{"line":30,"column":null}},"17":{"start":{"line":31,"column":12},"end":{"line":31,"column":null}},"18":{"start":{"line":33,"column":12},"end":{"line":33,"column":null}},"19":{"start":{"line":36,"column":4},"end":{"line":109,"column":null}},"20":{"start":{"line":112,"column":0},"end":{"line":112,"column":null}}},"fnMap":{"0":{"name":"(anonymous_1)","decl":{"start":{"line":11,"column":30},"end":{"line":11,"column":31}},"loc":{"start":{"line":11,"column":47},"end":{"line":110,"column":1}}},"1":{"name":"(anonymous_2)","decl":{"start":{"line":17,"column":25},"end":{"line":17,"column":30}},"loc":{"start":{"line":17,"column":54},"end":{"line":35,"column":5}}}},"branchMap":{"0":{"loc":{"start":{"line":65,"column":25},"end":{"line":71,"column":null}},"type":"binary-expr","locations":[{"start":{"line":65,"column":25},"end":{"line":65,"column":32}},{"start":{"line":66,"column":28},"end":{"line":70,"column":null}}]}},"s":{"0":1,"1":1,"2":1,"3":1,"4":1,"5":3,"6":3,"7":3,"8":3,"9":3,"10":1,"11":1,"12":1,"13":1,"14":1,"15":1,"16":1,"17":1,"18":0,"19":3,"20":1},"f":{"0":3,"1":1},"b":{"0":[3,0]}}
,"C:\\Users\\user\\Documents\\Synrgy\\Chapter 8\\challenge_8\\client\\src\\components\\Cars\\CarDashboard.tsx": {"path":"C:\\Users\\user\\Documents\\Synrgy\\Chapter 8\\challenge_8\\client\\src\\components\\Cars\\CarDashboard.tsx","statementMap":{"0":{"start":{"line":1,"column":0},"end":{"line":1,"column":52}},"1":{"start":{"line":2,"column":0},"end":{"line":2,"column":40}},"2":{"start":{"line":3,"column":0},"end":{"line":3,"column":56}},"3":{"start":{"line":4,"column":0},"end":{"line":4,"column":54}},"4":{"start":{"line":5,"column":0},"end":{"line":5,"column":50}},"5":{"start":{"line":6,"column":0},"end":{"line":6,"column":39}},"6":{"start":{"line":7,"column":0},"end":{"line":7,"column":22}},"7":{"start":{"line":9,"column":21},"end":{"line":137,"column":1}},"8":{"start":{"line":10,"column":34},"end":{"line":10,"column":51}},"9":{"start":{"line":11,"column":30},"end":{"line":11,"column":41}},"10":{"start":{"line":12,"column":36},"end":{"line":12,"column":48}},"11":{"start":{"line":13,"column":36},"end":{"line":13,"column":51}},"12":{"start":{"line":15,"column":26},"end":{"line":20,"column":5}},"13":{"start":{"line":16,"column":8},"end":{"line":16,"column":null}},"14":{"start":{"line":17,"column":8},"end":{"line":19,"column":null}},"15":{"start":{"line":18,"column":12},"end":{"line":18,"column":null}},"16":{"start":{"line":22,"column":26},"end":{"line":25,"column":null}},"17":{"start":{"line":27,"column":26},"end":{"line":29,"column":5}},"18":{"start":{"line":28,"column":8},"end":{"line":28,"column":null}},"19":{"start":{"line":31,"column":27},"end":{"line":33,"column":5}},"20":{"start":{"line":32,"column":8},"end":{"line":32,"column":null}},"21":{"start":{"line":35,"column":4},"end":{"line":136,"column":null}},"22":{"start":{"line":139,"column":0},"end":{"line":139,"column":null}}},"fnMap":{"0":{"name":"(anonymous_1)","decl":{"start":{"line":9,"column":21},"end":{"line":9,"column":24}},"loc":{"start":{"line":9,"column":26},"end":{"line":137,"column":1}}},"1":{"name":"(anonymous_2)","decl":{"start":{"line":15,"column":26},"end":{"line":15,"column":27}},"loc":{"start":{"line":15,"column":44},"end":{"line":20,"column":5}}},"2":{"name":"(anonymous_3)","decl":{"start":{"line":17,"column":19},"end":{"line":17,"column":22}},"loc":{"start":{"line":17,"column":24},"end":{"line":19,"column":9}}},"3":{"name":"(anonymous_4)","decl":{"start":{"line":27,"column":26},"end":{"line":27,"column":27}},"loc":{"start":{"line":27,"column":44},"end":{"line":29,"column":5}}},"4":{"name":"(anonymous_5)","decl":{"start":{"line":31,"column":27},"end":{"line":31,"column":30}},"loc":{"start":{"line":31,"column":32},"end":{"line":33,"column":5}}}},"branchMap":{"0":{"loc":{"start":{"line":126,"column":13},"end":{"line":133,"column":null}},"type":"binary-expr","locations":[{"start":{"line":126,"column":13},"end":{"line":126,"column":35}},{"start":{"line":127,"column":16},"end":{"line":132,"column":null}}]}},"s":{"0":1,"1":1,"2":1,"3":1,"4":1,"5":1,"6":1,"7":1,"8":1,"9":1,"10":1,"11":1,"12":1,"13":0,"14":0,"15":0,"16":1,"17":1,"18":0,"19":1,"20":0,"21":1,"22":1},"f":{"0":1,"1":0,"2":0,"3":0,"4":0},"b":{"0":[1,0]}}
,"C:\\Users\\user\\Documents\\Synrgy\\Chapter 8\\challenge_8\\client\\src\\components\\Cars\\components\\AddCar.tsx": {"path":"C:\\Users\\user\\Documents\\Synrgy\\Chapter 8\\challenge_8\\client\\src\\components\\Cars\\components\\AddCar.tsx","statementMap":{"0":{"start":{"line":1,"column":0},"end":{"line":1,"column":25}},"1":{"start":{"line":2,"column":0},"end":{"line":2,"column":48}},"2":{"start":{"line":3,"column":0},"end":{"line":3,"column":64}},"3":{"start":{"line":27,"column":32},"end":{"line":368,"column":1}},"4":{"start":{"line":28,"column":20},"end":{"line":28,"column":57}},"5":{"start":{"line":29,"column":32},"end":{"line":29,"column":52}},"6":{"start":{"line":30,"column":42},"end":{"line":30,"column":57}},"7":{"start":{"line":136,"column":4},"end":{"line":367,"column":null}},"8":{"start":{"line":334,"column":32},"end":{"line":334,"column":null}},"9":{"start":{"line":370,"column":0},"end":{"line":370,"column":null}}},"fnMap":{"0":{"name":"(anonymous_1)","decl":{"start":{"line":27,"column":32},"end":{"line":27,"column":33}},"loc":{"start":{"line":27,"column":69},"end":{"line":368,"column":1}}},"1":{"name":"(anonymous_2)","decl":{"start":{"line":333,"column":37},"end":{"line":333,"column":40}},"loc":{"start":{"line":333,"column":42},"end":{"line":335,"column":29}}}},"branchMap":{"0":{"loc":{"start":{"line":352,"column":29},"end":{"line":360,"column":null}},"type":"cond-expr","locations":[{"start":{"line":354,"column":36},"end":{"line":356,"column":null}},{"start":{"line":360,"column":36},"end":{"line":360,"column":42}}]}},"s":{"0":1,"1":1,"2":1,"3":1,"4":0,"5":0,"6":0,"7":0,"8":0,"9":1},"f":{"0":0,"1":0},"b":{"0":[0,0]}}
,"C:\\Users\\user\\Documents\\Synrgy\\Chapter 8\\challenge_8\\client\\src\\components\\Cars\\components\\CarsList.tsx": {"path":"C:\\Users\\user\\Documents\\Synrgy\\Chapter 8\\challenge_8\\client\\src\\components\\Cars\\components\\CarsList.tsx","statementMap":{"0":{"start":{"line":15,"column":35},"end":{"line":205,"column":1}},"1":{"start":{"line":45,"column":25},"end":{"line":48,"column":5}},"2":{"start":{"line":46,"column":8},"end":{"line":46,"column":null}},"3":{"start":{"line":47,"column":8},"end":{"line":47,"column":null}},"4":{"start":{"line":207,"column":0},"end":{"line":207,"column":null}}},"fnMap":{"0":{"name":"(anonymous_0)","decl":{"start":{"line":15,"column":35},"end":{"line":15,"column":36}},"loc":{"start":{"line":25,"column":5},"end":{"line":205,"column":1}}},"1":{"name":"(anonymous_1)","decl":{"start":{"line":45,"column":25},"end":{"line":45,"column":30}},"loc":{"start":{"line":45,"column":46},"end":{"line":48,"column":5}}}},"branchMap":{},"s":{"0":1,"1":0,"2":0,"3":0,"4":1},"f":{"0":0,"1":0},"b":{}}
,"C:\\Users\\user\\Documents\\Synrgy\\Chapter 8\\challenge_8\\client\\src\\components\\Cars\\components\\DeleteModal.tsx": {"path":"C:\\Users\\user\\Documents\\Synrgy\\Chapter 8\\challenge_8\\client\\src\\components\\Cars\\components\\DeleteModal.tsx","statementMap":{"0":{"start":{"line":1,"column":0},"end":{"line":1,"column":48}},"1":{"start":{"line":2,"column":0},"end":{"line":2,"column":35}},"2":{"start":{"line":3,"column":0},"end":{"line":3,"column":25}},"3":{"start":{"line":12,"column":42},"end":{"line":187,"column":1}},"4":{"start":{"line":18,"column":22},"end":{"line":18,"column":70}},"5":{"start":{"line":19,"column":38},"end":{"line":19,"column":53}},"6":{"start":{"line":21,"column":26},"end":{"line":42,"column":5}},"7":{"start":{"line":22,"column":8},"end":{"line":41,"column":9}},"8":{"start":{"line":23,"column":12},"end":{"line":23,"column":null}},"9":{"start":{"line":24,"column":35},"end":{"line":28,"column":14}},"10":{"start":{"line":30,"column":12},"end":{"line":34,"column":13}},"11":{"start":{"line":31,"column":16},"end":{"line":31,"column":null}},"12":{"start":{"line":32,"column":16},"end":{"line":32,"column":null}},"13":{"start":{"line":33,"column":16},"end":{"line":33,"column":22}},"14":{"start":{"line":35,"column":12},"end":{"line":35,"column":null}},"15":{"start":{"line":36,"column":12},"end":{"line":36,"column":null}},"16":{"start":{"line":37,"column":12},"end":{"line":37,"column":null}},"17":{"start":{"line":38,"column":12},"end":{"line":38,"column":null}},"18":{"start":{"line":40,"column":12},"end":{"line":40,"column":null}},"19":{"start":{"line":189,"column":0},"end":{"line":189,"column":null}}},"fnMap":{"0":{"name":"(anonymous_1)","decl":{"start":{"line":12,"column":42},"end":{"line":12,"column":43}},"loc":{"start":{"line":17,"column":5},"end":{"line":187,"column":1}}},"1":{"name":"(anonymous_2)","decl":{"start":{"line":21,"column":26},"end":{"line":21,"column":31}},"loc":{"start":{"line":21,"column":37},"end":{"line":42,"column":5}}}},"branchMap":{"0":{"loc":{"start":{"line":30,"column":12},"end":{"line":34,"column":13}},"type":"if","locations":[{"start":{"line":30,"column":12},"end":{"line":34,"column":13}}]}},"s":{"0":1,"1":1,"2":1,"3":1,"4":0,"5":0,"6":0,"7":0,"8":0,"9":0,"10":0,"11":0,"12":0,"13":0,"14":0,"15":0,"16":0,"17":0,"18":0,"19":1},"f":{"0":0,"1":0},"b":{"0":[0]}}
,"C:\\Users\\user\\Documents\\Synrgy\\Chapter 8\\challenge_8\\client\\src\\components\\Cars\\components\\EditCar.tsx": {"path":"C:\\Users\\user\\Documents\\Synrgy\\Chapter 8\\challenge_8\\client\\src\\components\\Cars\\components\\EditCar.tsx","statementMap":{"0":{"start":{"line":1,"column":0},"end":{"line":1,"column":67}},"1":{"start":{"line":3,"column":0},"end":{"line":3,"column":25}},"2":{"start":{"line":11,"column":34},"end":{"line":398,"column":1}},"3":{"start":{"line":12,"column":22},"end":{"line":12,"column":52}},"4":{"start":{"line":13,"column":32},"end":{"line":27,"column":6}},"5":{"start":{"line":28,"column":42},"end":{"line":28,"column":57}},"6":{"start":{"line":30,"column":21},"end":{"line":30,"column":67}},"7":{"start":{"line":31,"column":19},"end":{"line":31,"column":60}},"8":{"start":{"line":111,"column":4},"end":{"line":129,"column":null}},"9":{"start":{"line":112,"column":22},"end":{"line":126,"column":9}},"10":{"start":{"line":113,"column":12},"end":{"line":125,"column":13}},"11":{"start":{"line":114,"column":33},"end":{"line":120,"column":18}},"12":{"start":{"line":122,"column":16},"end":{"line":122,"column":null}},"13":{"start":{"line":124,"column":16},"end":{"line":124,"column":null}},"14":{"start":{"line":128,"column":8},"end":{"line":128,"column":null}},"15":{"start":{"line":131,"column":29},"end":{"line":135,"column":5}},"16":{"start":{"line":132,"column":8},"end":{"line":134,"column":9}},"17":{"start":{"line":133,"column":12},"end":{"line":133,"column":null}},"18":{"start":{"line":400,"column":0},"end":{"line":400,"column":null}}},"fnMap":{"0":{"name":"(anonymous_1)","decl":{"start":{"line":11,"column":34},"end":{"line":11,"column":35}},"loc":{"start":{"line":11,"column":78},"end":{"line":398,"column":1}}},"1":{"name":"(anonymous_2)","decl":{"start":{"line":111,"column":14},"end":{"line":111,"column":17}},"loc":{"start":{"line":111,"column":19},"end":{"line":129,"column":5}}},"2":{"name":"(anonymous_3)","decl":{"start":{"line":112,"column":22},"end":{"line":112,"column":27}},"loc":{"start":{"line":112,"column":33},"end":{"line":126,"column":9}}},"3":{"name":"(anonymous_4)","decl":{"start":{"line":131,"column":29},"end":{"line":131,"column":32}},"loc":{"start":{"line":131,"column":34},"end":{"line":135,"column":5}}}},"branchMap":{"0":{"loc":{"start":{"line":132,"column":8},"end":{"line":134,"column":9}},"type":"if","locations":[{"start":{"line":132,"column":8},"end":{"line":134,"column":9}}]}},"s":{"0":1,"1":1,"2":1,"3":0,"4":0,"5":0,"6":0,"7":0,"8":0,"9":0,"10":0,"11":0,"12":0,"13":0,"14":0,"15":0,"16":0,"17":0,"18":1},"f":{"0":0,"1":0,"2":0,"3":0},"b":{"0":[0]}}
,"C:\\Users\\user\\Documents\\Synrgy\\Chapter 8\\challenge_8\\client\\src\\components\\Cars\\components\\Header.tsx": {"path":"C:\\Users\\user\\Documents\\Synrgy\\Chapter 8\\challenge_8\\client\\src\\components\\Cars\\components\\Header.tsx","statementMap":{"0":{"start":{"line":1,"column":0},"end":{"line":1,"column":54}},"1":{"start":{"line":4,"column":15},"end":{"line":117,"column":1}},"2":{"start":{"line":5,"column":21},"end":{"line":5,"column":30}},"3":{"start":{"line":7,"column":21},"end":{"line":7,"column":46}},"4":{"start":{"line":8,"column":20},"end":{"line":8,"column":62}},"5":{"start":{"line":10,"column":4},"end":{"line":116,"column":null}},"6":{"start":{"line":119,"column":0},"end":{"line":119,"column":null}}},"fnMap":{"0":{"name":"(anonymous_0)","decl":{"start":{"line":4,"column":15},"end":{"line":4,"column":18}},"loc":{"start":{"line":4,"column":20},"end":{"line":117,"column":1}}}},"branchMap":{},"s":{"0":1,"1":1,"2":1,"3":1,"4":1,"5":1,"6":1},"f":{"0":1},"b":{}}
,"C:\\Users\\user\\Documents\\Synrgy\\Chapter 8\\challenge_8\\client\\src\\components\\Cars\\components\\Imagefile.tsx": {"path":"C:\\Users\\user\\Documents\\Synrgy\\Chapter 8\\challenge_8\\client\\src\\components\\Cars\\components\\Imagefile.tsx","statementMap":{"0":{"start":{"line":2,"column":18},"end":{"line":19,"column":1}},"1":{"start":{"line":3,"column":4},"end":{"line":18,"column":null}},"2":{"start":{"line":21,"column":0},"end":{"line":21,"column":null}}},"fnMap":{"0":{"name":"(anonymous_0)","decl":{"start":{"line":2,"column":18},"end":{"line":2,"column":21}},"loc":{"start":{"line":2,"column":23},"end":{"line":19,"column":1}}}},"branchMap":{},"s":{"0":1,"1":0,"2":1},"f":{"0":0},"b":{}}
,"C:\\Users\\user\\Documents\\Synrgy\\Chapter 8\\challenge_8\\client\\src\\components\\Cars\\components\\IndexPage.tsx": {"path":"C:\\Users\\user\\Documents\\Synrgy\\Chapter 8\\challenge_8\\client\\src\\components\\Cars\\components\\IndexPage.tsx","statementMap":{"0":{"start":{"line":1,"column":0},"end":{"line":1,"column":59}},"1":{"start":{"line":2,"column":0},"end":{"line":2,"column":33}},"2":{"start":{"line":3,"column":0},"end":{"line":3,"column":25}},"3":{"start":{"line":12,"column":38},"end":{"line":119,"column":1}},"4":{"start":{"line":13,"column":21},"end":{"line":13,"column":50}},"5":{"start":{"line":14,"column":31},"end":{"line":14,"column":54}},"6":{"start":{"line":16,"column":21},"end":{"line":26,"column":5}},"7":{"start":{"line":17,"column":25},"end":{"line":21,"column":10}},"8":{"start":{"line":23,"column":24},"end":{"line":23,"column":43}},"9":{"start":{"line":25,"column":8},"end":{"line":25,"column":null}},"10":{"start":{"line":28,"column":4},"end":{"line":30,"column":null}},"11":{"start":{"line":29,"column":8},"end":{"line":29,"column":null}},"12":{"start":{"line":32,"column":4},"end":{"line":34,"column":null}},"13":{"start":{"line":33,"column":8},"end":{"line":33,"column":null}},"14":{"start":{"line":35,"column":4},"end":{"line":118,"column":null}},"15":{"start":{"line":102,"column":24},"end":{"line":103,"column":null}},"16":{"start":{"line":121,"column":0},"end":{"line":121,"column":null}}},"fnMap":{"0":{"name":"(anonymous_1)","decl":{"start":{"line":12,"column":38},"end":{"line":12,"column":39}},"loc":{"start":{"line":12,"column":84},"end":{"line":119,"column":1}}},"1":{"name":"(anonymous_2)","decl":{"start":{"line":16,"column":21},"end":{"line":16,"column":26}},"loc":{"start":{"line":16,"column":32},"end":{"line":26,"column":5}}},"2":{"name":"(anonymous_3)","decl":{"start":{"line":28,"column":14},"end":{"line":28,"column":17}},"loc":{"start":{"line":28,"column":19},"end":{"line":30,"column":5}}},"3":{"name":"(anonymous_4)","decl":{"start":{"line":32,"column":14},"end":{"line":32,"column":17}},"loc":{"start":{"line":32,"column":19},"end":{"line":34,"column":5}}},"4":{"name":"(anonymous_5)","decl":{"start":{"line":101,"column":33},"end":{"line":101,"column":34}},"loc":{"start":{"line":102,"column":24},"end":{"line":103,"column":null}}}},"branchMap":{},"s":{"0":1,"1":1,"2":1,"3":1,"4":1,"5":1,"6":1,"7":2,"8":0,"9":0,"10":1,"11":1,"12":1,"13":1,"14":1,"15":0,"16":1},"f":{"0":1,"1":2,"2":1,"3":1,"4":0},"b":{}}
,"C:\\Users\\user\\Documents\\Synrgy\\Chapter 8\\challenge_8\\client\\src\\components\\Cars\\components\\InnerContainer.tsx": {"path":"C:\\Users\\user\\Documents\\Synrgy\\Chapter 8\\challenge_8\\client\\src\\components\\Cars\\components\\InnerContainer.tsx","statementMap":{"0":{"start":{"line":3,"column":23},"end":{"line":45,"column":1}},"1":{"start":{"line":4,"column":4},"end":{"line":44,"column":null}},"2":{"start":{"line":47,"column":0},"end":{"line":47,"column":null}}},"fnMap":{"0":{"name":"(anonymous_0)","decl":{"start":{"line":3,"column":23},"end":{"line":3,"column":26}},"loc":{"start":{"line":3,"column":28},"end":{"line":45,"column":1}}}},"branchMap":{},"s":{"0":1,"1":1,"2":1},"f":{"0":1},"b":{}}
,"C:\\Users\\user\\Documents\\Synrgy\\Chapter 8\\challenge_8\\client\\src\\components\\Cars\\components\\MainContainer.tsx": {"path":"C:\\Users\\user\\Documents\\Synrgy\\Chapter 8\\challenge_8\\client\\src\\components\\Cars\\components\\MainContainer.tsx","statementMap":{"0":{"start":{"line":2,"column":0},"end":{"line":2,"column":29}},"1":{"start":{"line":3,"column":0},"end":{"line":3,"column":31}},"2":{"start":{"line":4,"column":0},"end":{"line":4,"column":35}},"3":{"start":{"line":5,"column":0},"end":{"line":5,"column":39}},"4":{"start":{"line":17,"column":37},"end":{"line":151,"column":1}},"5":{"start":{"line":26,"column":22},"end":{"line":35,"column":5}},"6":{"start":{"line":27,"column":8},"end":{"line":34,"column":9}},"7":{"start":{"line":29,"column":12},"end":{"line":29,"column":null}},"8":{"start":{"line":31,"column":12},"end":{"line":31,"column":null}},"9":{"start":{"line":33,"column":12},"end":{"line":33,"column":null}},"10":{"start":{"line":37,"column":23},"end":{"line":59,"column":5}},"11":{"start":{"line":38,"column":8},"end":{"line":58,"column":9}},"12":{"start":{"line":40,"column":12},"end":{"line":45,"column":null}},"13":{"start":{"line":47,"column":12},"end":{"line":53,"column":null}},"14":{"start":{"line":55,"column":12},"end":{"line":57,"column":null}},"15":{"start":{"line":61,"column":26},"end":{"line":61,"column":72}},"16":{"start":{"line":63,"column":4},"end":{"line":150,"column":null}},"17":{"start":{"line":141,"column":45},"end":{"line":141,"column":66}},"18":{"start":{"line":153,"column":0},"end":{"line":153,"column":null}}},"fnMap":{"0":{"name":"(anonymous_1)","decl":{"start":{"line":17,"column":37},"end":{"line":17,"column":38}},"loc":{"start":{"line":25,"column":5},"end":{"line":151,"column":1}}},"1":{"name":"(anonymous_2)","decl":{"start":{"line":26,"column":22},"end":{"line":26,"column":25}},"loc":{"start":{"line":26,"column":27},"end":{"line":35,"column":5}}},"2":{"name":"(anonymous_3)","decl":{"start":{"line":37,"column":23},"end":{"line":37,"column":26}},"loc":{"start":{"line":37,"column":28},"end":{"line":59,"column":5}}},"3":{"name":"(anonymous_4)","decl":{"start":{"line":141,"column":37},"end":{"line":141,"column":40}},"loc":{"start":{"line":141,"column":42},"end":{"line":141,"column":67}}}},"branchMap":{"0":{"loc":{"start":{"line":27,"column":8},"end":{"line":34,"column":9}},"type":"switch","locations":[{"start":{"line":28,"column":8},"end":{"line":29,"column":null}},{"start":{"line":30,"column":8},"end":{"line":31,"column":null}},{"start":{"line":32,"column":8},"end":{"line":33,"column":null}}]},"1":{"loc":{"start":{"line":38,"column":8},"end":{"line":58,"column":9}},"type":"switch","locations":[{"start":{"line":39,"column":8},"end":{"line":45,"column":null}},{"start":{"line":46,"column":8},"end":{"line":53,"column":null}},{"start":{"line":54,"column":8},"end":{"line":57,"column":null}}]},"2":{"loc":{"start":{"line":61,"column":26},"end":{"line":61,"column":72}},"type":"cond-expr","locations":[{"start":{"line":61,"column":50},"end":{"line":61,"column":63}},{"start":{"line":61,"column":66},"end":{"line":61,"column":72}}]},"3":{"loc":{"start":{"line":72,"column":13},"end":{"line":72,"column":69}},"type":"binary-expr","locations":[{"start":{"line":72,"column":13},"end":{"line":72,"column":30}},{"start":{"line":72,"column":34},"end":{"line":72,"column":69}}]},"4":{"loc":{"start":{"line":131,"column":21},"end":{"line":144,"column":null}},"type":"binary-expr","locations":[{"start":{"line":131,"column":21},"end":{"line":131,"column":42}},{"start":{"line":132,"column":24},"end":{"line":141,"column":null}}]}},"s":{"0":1,"1":1,"2":1,"3":1,"4":1,"5":1,"6":2,"7":0,"8":0,"9":2,"10":1,"11":1,"12":0,"13":0,"14":1,"15":1,"16":1,"17":0,"18":1},"f":{"0":1,"1":2,"2":1,"3":0},"b":{"0":[0,0,2],"1":[0,0,1],"2":[1,0],"3":[1,0],"4":[1,1]}}
,"C:\\Users\\user\\Documents\\Synrgy\\Chapter 8\\challenge_8\\client\\src\\components\\Cars\\components\\OuterSidebar.tsx": {"path":"C:\\Users\\user\\Documents\\Synrgy\\Chapter 8\\challenge_8\\client\\src\\components\\Cars\\components\\OuterSidebar.tsx","statementMap":{"0":{"start":{"line":3,"column":21},"end":{"line":73,"column":1}},"1":{"start":{"line":4,"column":4},"end":{"line":72,"column":null}},"2":{"start":{"line":75,"column":0},"end":{"line":75,"column":null}}},"fnMap":{"0":{"name":"(anonymous_0)","decl":{"start":{"line":3,"column":21},"end":{"line":3,"column":24}},"loc":{"start":{"line":3,"column":26},"end":{"line":73,"column":1}}}},"branchMap":{},"s":{"0":1,"1":1,"2":1},"f":{"0":1},"b":{}}
,"C:\\Users\\user\\Documents\\Synrgy\\Chapter 8\\challenge_8\\client\\src\\components\\Cars\\components\\StatusModal.tsx": {"path":"C:\\Users\\user\\Documents\\Synrgy\\Chapter 8\\challenge_8\\client\\src\\components\\Cars\\components\\StatusModal.tsx","statementMap":{"0":{"start":{"line":43,"column":0},"end":{"line":43,"column":null}}},"fnMap":{},"branchMap":{},"s":{"0":1},"f":{},"b":{}}
,"C:\\Users\\user\\Documents\\Synrgy\\Chapter 8\\challenge_8\\client\\src\\components\\Cars\\types\\RandomData.tsx": {"path":"C:\\Users\\user\\Documents\\Synrgy\\Chapter 8\\challenge_8\\client\\src\\components\\Cars\\types\\RandomData.tsx","statementMap":{"0":{"start":{"line":1,"column":19},"end":{"line":16,"column":null}},"1":{"start":{"line":23,"column":25},"end":{"line":23,"column":35}},"2":{"start":{"line":18,"column":23},"end":{"line":21,"column":1}},"3":{"start":{"line":19,"column":18},"end":{"line":19,"column":63}},"4":{"start":{"line":20,"column":4},"end":{"line":20,"column":null}},"5":{"start":{"line":23,"column":9},"end":{"line":23,"column":23}}},"fnMap":{"0":{"name":"(anonymous_0)","decl":{"start":{"line":18,"column":23},"end":{"line":18,"column":36}},"loc":{"start":{"line":18,"column":45},"end":{"line":21,"column":1}}}},"branchMap":{},"s":{"0":1,"1":1,"2":1,"3":0,"4":0,"5":1},"f":{"0":0},"b":{}}
,"C:\\Users\\user\\Documents\\Synrgy\\Chapter 8\\challenge_8\\client\\src\\components\\LandingPage\\LandingPage.tsx": {"path":"C:\\Users\\user\\Documents\\Synrgy\\Chapter 8\\challenge_8\\client\\src\\components\\LandingPage\\LandingPage.tsx","statementMap":{"0":{"start":{"line":2,"column":0},"end":{"line":2,"column":45}},"1":{"start":{"line":3,"column":0},"end":{"line":3,"column":43}},"2":{"start":{"line":4,"column":0},"end":{"line":4,"column":22}},"3":{"start":{"line":5,"column":0},"end":{"line":5,"column":34}},"4":{"start":{"line":6,"column":0},"end":{"line":6,"column":40}},"5":{"start":{"line":7,"column":0},"end":{"line":7,"column":36}},"6":{"start":{"line":8,"column":0},"end":{"line":8,"column":48}},"7":{"start":{"line":9,"column":0},"end":{"line":9,"column":41}},"8":{"start":{"line":10,"column":0},"end":{"line":10,"column":45}},"9":{"start":{"line":11,"column":0},"end":{"line":11,"column":38}},"10":{"start":{"line":12,"column":0},"end":{"line":12,"column":44}},"11":{"start":{"line":14,"column":20},"end":{"line":27,"column":1}},"12":{"start":{"line":15,"column":4},"end":{"line":26,"column":null}},"13":{"start":{"line":29,"column":0},"end":{"line":29,"column":null}}},"fnMap":{"0":{"name":"(anonymous_1)","decl":{"start":{"line":14,"column":20},"end":{"line":14,"column":23}},"loc":{"start":{"line":14,"column":25},"end":{"line":27,"column":1}}}},"branchMap":{},"s":{"0":1,"1":1,"2":1,"3":1,"4":1,"5":1,"6":1,"7":1,"8":1,"9":1,"10":1,"11":1,"12":1,"13":1},"f":{"0":1},"b":{}}
,"C:\\Users\\user\\Documents\\Synrgy\\Chapter 8\\challenge_8\\client\\src\\components\\LandingPage\\sections\\CTABanner.tsx": {"path":"C:\\Users\\user\\Documents\\Synrgy\\Chapter 8\\challenge_8\\client\\src\\components\\LandingPage\\sections\\CTABanner.tsx","statementMap":{"0":{"start":{"line":2,"column":18},"end":{"line":23,"column":1}},"1":{"start":{"line":3,"column":4},"end":{"line":22,"column":null}},"2":{"start":{"line":25,"column":0},"end":{"line":25,"column":null}}},"fnMap":{"0":{"name":"(anonymous_0)","decl":{"start":{"line":2,"column":18},"end":{"line":2,"column":21}},"loc":{"start":{"line":2,"column":23},"end":{"line":23,"column":1}}}},"branchMap":{},"s":{"0":1,"1":1,"2":1},"f":{"0":1},"b":{}}
,"C:\\Users\\user\\Documents\\Synrgy\\Chapter 8\\challenge_8\\client\\src\\components\\LandingPage\\sections\\Footer.tsx": {"path":"C:\\Users\\user\\Documents\\Synrgy\\Chapter 8\\challenge_8\\client\\src\\components\\LandingPage\\sections\\Footer.tsx","statementMap":{"0":{"start":{"line":3,"column":15},"end":{"line":112,"column":1}},"1":{"start":{"line":4,"column":4},"end":{"line":111,"column":null}},"2":{"start":{"line":114,"column":0},"end":{"line":114,"column":null}}},"fnMap":{"0":{"name":"(anonymous_0)","decl":{"start":{"line":3,"column":15},"end":{"line":3,"column":18}},"loc":{"start":{"line":3,"column":20},"end":{"line":112,"column":1}}}},"branchMap":{},"s":{"0":1,"1":1,"2":1},"f":{"0":1},"b":{}}
,"C:\\Users\\user\\Documents\\Synrgy\\Chapter 8\\challenge_8\\client\\src\\components\\LandingPage\\sections\\FrequentQuestion.tsx": {"path":"C:\\Users\\user\\Documents\\Synrgy\\Chapter 8\\challenge_8\\client\\src\\components\\LandingPage\\sections\\FrequentQuestion.tsx","statementMap":{"0":{"start":{"line":3,"column":25},"end":{"line":165,"column":1}},"1":{"start":{"line":4,"column":4},"end":{"line":164,"column":null}},"2":{"start":{"line":167,"column":0},"end":{"line":167,"column":null}}},"fnMap":{"0":{"name":"(anonymous_0)","decl":{"start":{"line":3,"column":25},"end":{"line":3,"column":28}},"loc":{"start":{"line":3,"column":30},"end":{"line":165,"column":1}}}},"branchMap":{},"s":{"0":1,"1":1,"2":1},"f":{"0":1},"b":{}}
,"C:\\Users\\user\\Documents\\Synrgy\\Chapter 8\\challenge_8\\client\\src\\components\\LandingPage\\sections\\Hero.tsx": {"path":"C:\\Users\\user\\Documents\\Synrgy\\Chapter 8\\challenge_8\\client\\src\\components\\LandingPage\\sections\\Hero.tsx","statementMap":{"0":{"start":{"line":2,"column":13},"end":{"line":89,"column":1}},"1":{"start":{"line":3,"column":4},"end":{"line":88,"column":null}},"2":{"start":{"line":91,"column":0},"end":{"line":91,"column":null}}},"fnMap":{"0":{"name":"(anonymous_0)","decl":{"start":{"line":2,"column":13},"end":{"line":2,"column":16}},"loc":{"start":{"line":2,"column":18},"end":{"line":89,"column":1}}}},"branchMap":{},"s":{"0":1,"1":1,"2":1},"f":{"0":1},"b":{}}
,"C:\\Users\\user\\Documents\\Synrgy\\Chapter 8\\challenge_8\\client\\src\\components\\LandingPage\\sections\\Offcanvas.tsx": {"path":"C:\\Users\\user\\Documents\\Synrgy\\Chapter 8\\challenge_8\\client\\src\\components\\LandingPage\\sections\\Offcanvas.tsx","statementMap":{"0":{"start":{"line":2,"column":18},"end":{"line":56,"column":1}},"1":{"start":{"line":3,"column":4},"end":{"line":55,"column":null}},"2":{"start":{"line":58,"column":0},"end":{"line":58,"column":null}}},"fnMap":{"0":{"name":"(anonymous_0)","decl":{"start":{"line":2,"column":18},"end":{"line":2,"column":21}},"loc":{"start":{"line":2,"column":23},"end":{"line":56,"column":1}}}},"branchMap":{},"s":{"0":1,"1":1,"2":1},"f":{"0":1},"b":{}}
,"C:\\Users\\user\\Documents\\Synrgy\\Chapter 8\\challenge_8\\client\\src\\components\\LandingPage\\sections\\Service.tsx": {"path":"C:\\Users\\user\\Documents\\Synrgy\\Chapter 8\\challenge_8\\client\\src\\components\\LandingPage\\sections\\Service.tsx","statementMap":{"0":{"start":{"line":3,"column":16},"end":{"line":161,"column":1}},"1":{"start":{"line":4,"column":4},"end":{"line":160,"column":null}},"2":{"start":{"line":163,"column":0},"end":{"line":163,"column":null}}},"fnMap":{"0":{"name":"(anonymous_0)","decl":{"start":{"line":3,"column":16},"end":{"line":3,"column":19}},"loc":{"start":{"line":3,"column":21},"end":{"line":161,"column":1}}}},"branchMap":{},"s":{"0":1,"1":1,"2":1},"f":{"0":1},"b":{}}
,"C:\\Users\\user\\Documents\\Synrgy\\Chapter 8\\challenge_8\\client\\src\\components\\LandingPage\\sections\\Testimonial.tsx": {"path":"C:\\Users\\user\\Documents\\Synrgy\\Chapter 8\\challenge_8\\client\\src\\components\\LandingPage\\sections\\Testimonial.tsx","statementMap":{"0":{"start":{"line":1,"column":0},"end":{"line":1,"column":50}},"1":{"start":{"line":3,"column":20},"end":{"line":399,"column":1}},"2":{"start":{"line":4,"column":56},"end":{"line":4,"column":67}},"3":{"start":{"line":5,"column":52},"end":{"line":5,"column":63}},"4":{"start":{"line":7,"column":4},"end":{"line":11,"column":null}},"5":{"start":{"line":9,"column":12},"end":{"line":9,"column":71}},"6":{"start":{"line":10,"column":8},"end":{"line":10,"column":null}},"7":{"start":{"line":13,"column":4},"end":{"line":15,"column":null}},"8":{"start":{"line":14,"column":8},"end":{"line":14,"column":null}},"9":{"start":{"line":17,"column":28},"end":{"line":26,"column":5}},"10":{"start":{"line":18,"column":37},"end":{"line":18,"column":76}},"11":{"start":{"line":19,"column":8},"end":{"line":25,"column":9}},"12":{"start":{"line":20,"column":27},"end":{"line":20,"column":62}},"13":{"start":{"line":24,"column":12},"end":{"line":24,"column":null}},"14":{"start":{"line":28,"column":28},"end":{"line":30,"column":5}},"15":{"start":{"line":29,"column":8},"end":{"line":29,"column":null}},"16":{"start":{"line":29,"column":40},"end":{"line":29,"column":54}},"17":{"start":{"line":32,"column":32},"end":{"line":34,"column":5}},"18":{"start":{"line":33,"column":8},"end":{"line":33,"column":null}},"19":{"start":{"line":33,"column":40},"end":{"line":33,"column":58}},"20":{"start":{"line":36,"column":4},"end":{"line":398,"column":null}},"21":{"start":{"line":401,"column":0},"end":{"line":401,"column":null}}},"fnMap":{"0":{"name":"(anonymous_0)","decl":{"start":{"line":3,"column":20},"end":{"line":3,"column":23}},"loc":{"start":{"line":3,"column":25},"end":{"line":399,"column":1}}},"1":{"name":"(anonymous_1)","decl":{"start":{"line":7,"column":14},"end":{"line":7,"column":17}},"loc":{"start":{"line":7,"column":19},"end":{"line":11,"column":5}}},"2":{"name":"(anonymous_2)","decl":{"start":{"line":13,"column":14},"end":{"line":13,"column":17}},"loc":{"start":{"line":13,"column":19},"end":{"line":15,"column":5}}},"3":{"name":"(anonymous_3)","decl":{"start":{"line":17,"column":28},"end":{"line":17,"column":29}},"loc":{"start":{"line":17,"column":57},"end":{"line":26,"column":5}}},"4":{"name":"(anonymous_4)","decl":{"start":{"line":28,"column":28},"end":{"line":28,"column":31}},"loc":{"start":{"line":28,"column":33},"end":{"line":30,"column":5}}},"5":{"name":"(anonymous_5)","decl":{"start":{"line":29,"column":30},"end":{"line":29,"column":31}},"loc":{"start":{"line":29,"column":40},"end":{"line":29,"column":54}}},"6":{"name":"(anonymous_6)","decl":{"start":{"line":32,"column":32},"end":{"line":32,"column":35}},"loc":{"start":{"line":32,"column":37},"end":{"line":34,"column":5}}},"7":{"name":"(anonymous_7)","decl":{"start":{"line":33,"column":30},"end":{"line":33,"column":31}},"loc":{"start":{"line":33,"column":40},"end":{"line":33,"column":58}}}},"branchMap":{"0":{"loc":{"start":{"line":9,"column":12},"end":{"line":9,"column":71}},"type":"binary-expr","locations":[{"start":{"line":9,"column":12},"end":{"line":9,"column":66}},{"start":{"line":9,"column":70},"end":{"line":9,"column":71}}]},"1":{"loc":{"start":{"line":19,"column":8},"end":{"line":25,"column":9}},"type":"if","locations":[{"start":{"line":19,"column":8},"end":{"line":25,"column":9}}]}},"s":{"0":1,"1":1,"2":1,"3":1,"4":1,"5":1,"6":1,"7":1,"8":1,"9":1,"10":1,"11":1,"12":1,"13":1,"14":1,"15":0,"16":0,"17":1,"18":0,"19":0,"20":1,"21":1},"f":{"0":1,"1":1,"2":1,"3":1,"4":0,"5":0,"6":0,"7":0},"b":{"0":[1,0],"1":[1]}}
,"C:\\Users\\user\\Documents\\Synrgy\\Chapter 8\\challenge_8\\client\\src\\components\\LandingPage\\sections\\WhyUs.tsx": {"path":"C:\\Users\\user\\Documents\\Synrgy\\Chapter 8\\challenge_8\\client\\src\\components\\LandingPage\\sections\\WhyUs.tsx","statementMap":{"0":{"start":{"line":2,"column":14},"end":{"line":184,"column":1}},"1":{"start":{"line":3,"column":4},"end":{"line":183,"column":null}},"2":{"start":{"line":186,"column":0},"end":{"line":186,"column":null}}},"fnMap":{"0":{"name":"(anonymous_0)","decl":{"start":{"line":2,"column":14},"end":{"line":2,"column":17}},"loc":{"start":{"line":2,"column":19},"end":{"line":184,"column":1}}}},"branchMap":{},"s":{"0":1,"1":1,"2":1},"f":{"0":1},"b":{}}
}
